{"/home/levabala/projects/nugareact/src/components/BioCard/index.ts":{"path":"/home/levabala/projects/nugareact/src/components/BioCard/index.ts","statementMap":{},"fnMap":{},"branchMap":{},"s":{},"f":{},"b":{}},"/home/levabala/projects/nugareact/src/components/BioCard/InformationForm/DateField/index.ts":{"path":"/home/levabala/projects/nugareact/src/components/BioCard/InformationForm/DateField/index.ts","statementMap":{},"fnMap":{},"branchMap":{},"s":{},"f":{},"b":{}},"/home/levabala/projects/nugareact/src/components/BioCard/InformationForm/index.ts":{"path":"/home/levabala/projects/nugareact/src/components/BioCard/InformationForm/index.ts","statementMap":{},"fnMap":{},"branchMap":{},"s":{},"f":{},"b":{}},"/home/levabala/projects/nugareact/src/components/BioCard/InformationForm/Label/index.ts":{"path":"/home/levabala/projects/nugareact/src/components/BioCard/InformationForm/Label/index.ts","statementMap":{},"fnMap":{},"branchMap":{},"s":{},"f":{},"b":{}},"/home/levabala/projects/nugareact/src/components/BioCard/InformationForm/StaticField/index.ts":{"path":"/home/levabala/projects/nugareact/src/components/BioCard/InformationForm/StaticField/index.ts","statementMap":{},"fnMap":{},"branchMap":{},"s":{},"f":{},"b":{}},"/home/levabala/projects/nugareact/src/components/BioCard/InformationForm/TextField/index.ts":{"path":"/home/levabala/projects/nugareact/src/components/BioCard/InformationForm/TextField/index.ts","statementMap":{},"fnMap":{},"branchMap":{},"s":{},"f":{},"b":{}},"/home/levabala/projects/nugareact/src/components/Button/index.ts":{"path":"/home/levabala/projects/nugareact/src/components/Button/index.ts","statementMap":{},"fnMap":{},"branchMap":{},"s":{},"f":{},"b":{}},"/home/levabala/projects/nugareact/src/components/CalendarCard/Day/AppointmentCell/index.ts":{"path":"/home/levabala/projects/nugareact/src/components/CalendarCard/Day/AppointmentCell/index.ts","statementMap":{},"fnMap":{},"branchMap":{},"s":{},"f":{},"b":{}},"/home/levabala/projects/nugareact/src/components/CalendarCard/Day/DateRow/index.ts":{"path":"/home/levabala/projects/nugareact/src/components/CalendarCard/Day/DateRow/index.ts","statementMap":{},"fnMap":{},"branchMap":{},"s":{},"f":{},"b":{}},"/home/levabala/projects/nugareact/src/components/CalendarCard/Day/GridP/index.ts":{"path":"/home/levabala/projects/nugareact/src/components/CalendarCard/Day/GridP/index.ts","statementMap":{},"fnMap":{},"branchMap":{},"s":{},"f":{},"b":{}},"/home/levabala/projects/nugareact/src/components/CalendarCard/Day/index.ts":{"path":"/home/levabala/projects/nugareact/src/components/CalendarCard/Day/index.ts","statementMap":{},"fnMap":{},"branchMap":{},"s":{},"f":{},"b":{}},"/home/levabala/projects/nugareact/src/components/CalendarCard/Day/MonthRow/index.ts":{"path":"/home/levabala/projects/nugareact/src/components/CalendarCard/Day/MonthRow/index.ts","statementMap":{},"fnMap":{},"branchMap":{},"s":{},"f":{},"b":{}},"/home/levabala/projects/nugareact/src/components/CalendarCard/Day/TopRow/index.ts":{"path":"/home/levabala/projects/nugareact/src/components/CalendarCard/Day/TopRow/index.ts","statementMap":{},"fnMap":{},"branchMap":{},"s":{},"f":{},"b":{}},"/home/levabala/projects/nugareact/src/components/CalendarCard/DaysContainer/index.ts":{"path":"/home/levabala/projects/nugareact/src/components/CalendarCard/DaysContainer/index.ts","statementMap":{},"fnMap":{},"branchMap":{},"s":{},"f":{},"b":{}},"/home/levabala/projects/nugareact/src/components/CalendarCard/index.ts":{"path":"/home/levabala/projects/nugareact/src/components/CalendarCard/index.ts","statementMap":{},"fnMap":{},"branchMap":{},"s":{},"f":{},"b":{}},"/home/levabala/projects/nugareact/src/components/CalendarCard/LeftColumn/index.ts":{"path":"/home/levabala/projects/nugareact/src/components/CalendarCard/LeftColumn/index.ts","statementMap":{},"fnMap":{},"branchMap":{},"s":{},"f":{},"b":{}},"/home/levabala/projects/nugareact/src/components/CalendarCard/modules/dragConfig.ts":{"path":"/home/levabala/projects/nugareact/src/components/CalendarCard/modules/dragConfig.ts","statementMap":{"0":{"start":{"line":2,"column":4},"end":{"line":2,"column":71}},"1":{"start":{"line":2,"column":30},"end":{"line":2,"column":69}},"2":{"start":{"line":2,"column":54},"end":{"line":2,"column":66}},"3":{"start":{"line":3,"column":4},"end":{"line":3,"column":69}},"4":{"start":{"line":3,"column":29},"end":{"line":3,"column":67}},"5":{"start":{"line":3,"column":52},"end":{"line":3,"column":64}},"6":{"start":{"line":4,"column":4},"end":{"line":4,"column":67}},"7":{"start":{"line":4,"column":28},"end":{"line":4,"column":65}},"8":{"start":{"line":4,"column":50},"end":{"line":4,"column":62}},"9":{"start":{"line":5,"column":14},"end":{"line":5,"column":28}},"10":{"start":{"line":6,"column":20},"end":{"line":6,"column":34}},"11":{"start":{"line":7,"column":15},"end":{"line":7,"column":38}},"12":{"start":{"line":8,"column":34},"end":{"line":8,"column":36}},"13":{"start":{"line":10,"column":21},"end":{"line":10,"column":29}},"14":{"start":{"line":11,"column":8},"end":{"line":11,"column":63}},"15":{"start":{"line":12,"column":8},"end":{"line":12,"column":32}},"16":{"start":{"line":13,"column":8},"end":{"line":13,"column":32}},"17":{"start":{"line":14,"column":19},"end":{"line":14,"column":49}},"18":{"start":{"line":15,"column":8},"end":{"line":15,"column":26}},"19":{"start":{"line":16,"column":8},"end":{"line":16,"column":25}},"20":{"start":{"line":17,"column":8},"end":{"line":17,"column":32}},"21":{"start":{"line":18,"column":8},"end":{"line":18,"column":34}},"22":{"start":{"line":19,"column":8},"end":{"line":19,"column":39}},"23":{"start":{"line":20,"column":8},"end":{"line":20,"column":32}},"24":{"start":{"line":21,"column":8},"end":{"line":21,"column":31}},"25":{"start":{"line":22,"column":8},"end":{"line":22,"column":47}},"26":{"start":{"line":23,"column":8},"end":{"line":23,"column":49}},"27":{"start":{"line":24,"column":8},"end":{"line":24,"column":79}},"28":{"start":{"line":25,"column":8},"end":{"line":25,"column":19}},"29":{"start":{"line":28,"column":21},"end":{"line":28,"column":29}},"30":{"start":{"line":29,"column":22},"end":{"line":29,"column":31}},"31":{"start":{"line":29,"column":43},"end":{"line":29,"column":52}},"32":{"start":{"line":30,"column":17},"end":{"line":30,"column":63}},"33":{"start":{"line":30,"column":70},"end":{"line":30,"column":75}},"34":{"start":{"line":30,"column":82},"end":{"line":30,"column":87}},"35":{"start":{"line":31,"column":8},"end":{"line":31,"column":20}},"36":{"start":{"line":32,"column":8},"end":{"line":32,"column":20}},"37":{"start":{"line":33,"column":8},"end":{"line":33,"column":30}},"38":{"start":{"line":34,"column":8},"end":{"line":34,"column":30}},"39":{"start":{"line":35,"column":8},"end":{"line":35,"column":79}},"40":{"start":{"line":36,"column":8},"end":{"line":36,"column":18}},"41":{"start":{"line":39,"column":21},"end":{"line":39,"column":29}},"42":{"start":{"line":40,"column":8},"end":{"line":40,"column":42}},"43":{"start":{"line":41,"column":8},"end":{"line":41,"column":57}},"44":{"start":{"line":42,"column":8},"end":{"line":42,"column":17}},"45":{"start":{"line":44,"column":21},"end":{"line":51,"column":5}},"46":{"start":{"line":52,"column":4},"end":{"line":52,"column":22}}},"fnMap":{"0":{"name":"createDragConfig","decl":{"start":{"line":1,"column":9},"end":{"line":1,"column":25}},"loc":{"start":{"line":1,"column":50},"end":{"line":53,"column":1}},"line":1},"1":{"name":"(anonymous_1)","decl":{"start":{"line":2,"column":40},"end":{"line":2,"column":41}},"loc":{"start":{"line":2,"column":52},"end":{"line":2,"column":68}},"line":2},"2":{"name":"(anonymous_2)","decl":{"start":{"line":3,"column":38},"end":{"line":3,"column":39}},"loc":{"start":{"line":3,"column":50},"end":{"line":3,"column":66}},"line":3},"3":{"name":"(anonymous_3)","decl":{"start":{"line":4,"column":36},"end":{"line":4,"column":37}},"loc":{"start":{"line":4,"column":48},"end":{"line":4,"column":64}},"line":4},"4":{"name":"startHandler","decl":{"start":{"line":9,"column":13},"end":{"line":9,"column":25}},"loc":{"start":{"line":9,"column":29},"end":{"line":26,"column":5}},"line":9},"5":{"name":"moveHandler","decl":{"start":{"line":27,"column":13},"end":{"line":27,"column":24}},"loc":{"start":{"line":27,"column":28},"end":{"line":37,"column":5}},"line":27},"6":{"name":"endHandler","decl":{"start":{"line":38,"column":13},"end":{"line":38,"column":23}},"loc":{"start":{"line":38,"column":27},"end":{"line":43,"column":5}},"line":38}},"branchMap":{"0":{"loc":{"start":{"line":2,"column":4},"end":{"line":2,"column":71}},"type":"if","locations":[{"start":{"line":2,"column":4},"end":{"line":2,"column":71}},{"start":{"line":2,"column":4},"end":{"line":2,"column":71}}],"line":2},"1":{"loc":{"start":{"line":3,"column":4},"end":{"line":3,"column":69}},"type":"if","locations":[{"start":{"line":3,"column":4},"end":{"line":3,"column":69}},{"start":{"line":3,"column":4},"end":{"line":3,"column":69}}],"line":3},"2":{"loc":{"start":{"line":4,"column":4},"end":{"line":4,"column":67}},"type":"if","locations":[{"start":{"line":4,"column":4},"end":{"line":4,"column":67}},{"start":{"line":4,"column":4},"end":{"line":4,"column":67}}],"line":4},"3":{"loc":{"start":{"line":11,"column":34},"end":{"line":11,"column":62}},"type":"binary-expr","locations":[{"start":{"line":11,"column":34},"end":{"line":11,"column":56}},{"start":{"line":11,"column":60},"end":{"line":11,"column":62}}],"line":11}},"s":{"0":0,"1":0,"2":0,"3":0,"4":0,"5":0,"6":0,"7":0,"8":0,"9":0,"10":0,"11":0,"12":0,"13":0,"14":0,"15":0,"16":0,"17":0,"18":0,"19":0,"20":0,"21":0,"22":0,"23":0,"24":0,"25":0,"26":0,"27":0,"28":0,"29":0,"30":0,"31":0,"32":0,"33":0,"34":0,"35":0,"36":0,"37":0,"38":0,"39":0,"40":0,"41":0,"42":0,"43":0,"44":0,"45":0,"46":0},"f":{"0":0,"1":0,"2":0,"3":0,"4":0,"5":0,"6":0},"b":{"0":[0,0],"1":[0,0],"2":[0,0],"3":[0,0]}},"/home/levabala/projects/nugareact/src/components/CalendarCard/modules/dropzoneConfig.ts":{"path":"/home/levabala/projects/nugareact/src/components/CalendarCard/modules/dropzoneConfig.ts","statementMap":{"0":{"start":{"line":7,"column":13},"end":{"line":7,"column":33}},"1":{"start":{"line":9,"column":16},"end":{"line":9,"column":25}},"2":{"start":{"line":10,"column":19},"end":{"line":10,"column":48}},"3":{"start":{"line":11,"column":4},"end":{"line":11,"column":52}},"4":{"start":{"line":14,"column":16},"end":{"line":14,"column":26}},"5":{"start":{"line":15,"column":4},"end":{"line":15,"column":49}},"6":{"start":{"line":18,"column":18},"end":{"line":18,"column":52}},"7":{"start":{"line":19,"column":19},"end":{"line":19,"column":53}},"8":{"start":{"line":20,"column":12},"end":{"line":20,"column":40}},"9":{"start":{"line":21,"column":12},"end":{"line":21,"column":59}},"10":{"start":{"line":22,"column":16},"end":{"line":22,"column":30}},"11":{"start":{"line":22,"column":41},"end":{"line":22,"column":56}},"12":{"start":{"line":23,"column":16},"end":{"line":23,"column":63}},"13":{"start":{"line":24,"column":19},"end":{"line":24,"column":82}},"14":{"start":{"line":25,"column":19},"end":{"line":25,"column":73}},"15":{"start":{"line":26,"column":4},"end":{"line":26,"column":68}},"16":{"start":{"line":29,"column":16},"end":{"line":29,"column":20}},"17":{"start":{"line":30,"column":4},"end":{"line":143,"column":9}},"18":{"start":{"line":31,"column":26},"end":{"line":31,"column":30}},"19":{"start":{"line":35,"column":8},"end":{"line":142,"column":10}},"20":{"start":{"line":38,"column":30},"end":{"line":38,"column":45}},"21":{"start":{"line":39,"column":16},"end":{"line":39,"column":65}},"22":{"start":{"line":42,"column":16},"end":{"line":42,"column":36}},"23":{"start":{"line":45,"column":16},"end":{"line":55,"column":17}},"24":{"start":{"line":46,"column":20},"end":{"line":46,"column":39}},"25":{"start":{"line":47,"column":20},"end":{"line":52,"column":30}},"26":{"start":{"line":53,"column":20},"end":{"line":53,"column":54}},"27":{"start":{"line":54,"column":20},"end":{"line":54,"column":35}},"28":{"start":{"line":63,"column":16},"end":{"line":63,"column":39}},"29":{"start":{"line":64,"column":16},"end":{"line":64,"column":31}},"30":{"start":{"line":67,"column":16},"end":{"line":68,"column":27}},"31":{"start":{"line":68,"column":20},"end":{"line":68,"column":27}},"32":{"start":{"line":70,"column":33},"end":{"line":70,"column":41}},"33":{"start":{"line":70,"column":59},"end":{"line":70,"column":74}},"34":{"start":{"line":71,"column":30},"end":{"line":71,"column":43}},"35":{"start":{"line":72,"column":33},"end":{"line":72,"column":54}},"36":{"start":{"line":73,"column":30},"end":{"line":73,"column":68}},"37":{"start":{"line":74,"column":25},"end":{"line":74,"column":36}},"38":{"start":{"line":74,"column":59},"end":{"line":74,"column":80}},"39":{"start":{"line":74,"column":98},"end":{"line":74,"column":114}},"40":{"start":{"line":75,"column":25},"end":{"line":75,"column":88}},"41":{"start":{"line":75,"column":104},"end":{"line":75,"column":115}},"42":{"start":{"line":75,"column":133},"end":{"line":75,"column":141}},"43":{"start":{"line":76,"column":31},"end":{"line":76,"column":84}},"44":{"start":{"line":77,"column":31},"end":{"line":79,"column":62}},"45":{"start":{"line":80,"column":28},"end":{"line":83,"column":51}},"46":{"start":{"line":84,"column":37},"end":{"line":84,"column":63}},"47":{"start":{"line":85,"column":32},"end":{"line":85,"column":63}},"48":{"start":{"line":87,"column":33},"end":{"line":87,"column":42}},"49":{"start":{"line":88,"column":29},"end":{"line":88,"column":65}},"50":{"start":{"line":89,"column":36},"end":{"line":89,"column":80}},"51":{"start":{"line":90,"column":35},"end":{"line":90,"column":70}},"52":{"start":{"line":91,"column":29},"end":{"line":91,"column":80}},"53":{"start":{"line":92,"column":16},"end":{"line":101,"column":44}},"54":{"start":{"line":93,"column":20},"end":{"line":96,"column":39}},"55":{"start":{"line":97,"column":21},"end":{"line":101,"column":44}},"56":{"start":{"line":98,"column":20},"end":{"line":101,"column":44}},"57":{"start":{"line":102,"column":16},"end":{"line":104,"column":27}},"58":{"start":{"line":104,"column":20},"end":{"line":104,"column":27}},"59":{"start":{"line":105,"column":29},"end":{"line":109,"column":25}},"60":{"start":{"line":136,"column":16},"end":{"line":136,"column":37}},"61":{"start":{"line":137,"column":16},"end":{"line":137,"column":40}},"62":{"start":{"line":138,"column":16},"end":{"line":138,"column":41}}},"fnMap":{"0":{"name":"getStampByRelativePosition","decl":{"start":{"line":8,"column":9},"end":{"line":8,"column":35}},"loc":{"start":{"line":8,"column":54},"end":{"line":12,"column":1}},"line":8},"1":{"name":"getPositionByRelativePosition","decl":{"start":{"line":13,"column":9},"end":{"line":13,"column":38}},"loc":{"start":{"line":13,"column":60},"end":{"line":16,"column":1}},"line":13},"2":{"name":"getInfo","decl":{"start":{"line":17,"column":9},"end":{"line":17,"column":16}},"loc":{"start":{"line":17,"column":63},"end":{"line":27,"column":1}},"line":17},"3":{"name":"generateDropzoneConfig","decl":{"start":{"line":28,"column":16},"end":{"line":28,"column":38}},"loc":{"start":{"line":28,"column":41},"end":{"line":144,"column":1}},"line":28},"4":{"name":"(anonymous_4)","decl":{"start":{"line":30,"column":12},"end":{"line":30,"column":13}},"loc":{"start":{"line":30,"column":24},"end":{"line":143,"column":5}},"line":30},"5":{"name":"(anonymous_5)","decl":{"start":{"line":37,"column":25},"end":{"line":37,"column":26}},"loc":{"start":{"line":37,"column":38},"end":{"line":40,"column":13}},"line":37},"6":{"name":"(anonymous_6)","decl":{"start":{"line":41,"column":25},"end":{"line":41,"column":26}},"loc":{"start":{"line":41,"column":38},"end":{"line":43,"column":13}},"line":41},"7":{"name":"(anonymous_7)","decl":{"start":{"line":44,"column":20},"end":{"line":44,"column":21}},"loc":{"start":{"line":44,"column":33},"end":{"line":58,"column":13}},"line":44},"8":{"name":"(anonymous_8)","decl":{"start":{"line":59,"column":28},"end":{"line":59,"column":29}},"loc":{"start":{"line":59,"column":41},"end":{"line":61,"column":13}},"line":59},"9":{"name":"(anonymous_9)","decl":{"start":{"line":62,"column":30},"end":{"line":62,"column":31}},"loc":{"start":{"line":62,"column":43},"end":{"line":65,"column":13}},"line":62},"10":{"name":"(anonymous_10)","decl":{"start":{"line":66,"column":24},"end":{"line":66,"column":25}},"loc":{"start":{"line":66,"column":37},"end":{"line":140,"column":13}},"line":66}},"branchMap":{"0":{"loc":{"start":{"line":45,"column":16},"end":{"line":55,"column":17}},"type":"if","locations":[{"start":{"line":45,"column":16},"end":{"line":55,"column":17}},{"start":{"line":45,"column":16},"end":{"line":55,"column":17}}],"line":45},"1":{"loc":{"start":{"line":45,"column":20},"end":{"line":45,"column":42}},"type":"binary-expr","locations":[{"start":{"line":45,"column":20},"end":{"line":45,"column":31}},{"start":{"line":45,"column":35},"end":{"line":45,"column":42}}],"line":45},"2":{"loc":{"start":{"line":67,"column":16},"end":{"line":68,"column":27}},"type":"if","locations":[{"start":{"line":67,"column":16},"end":{"line":68,"column":27}},{"start":{"line":67,"column":16},"end":{"line":68,"column":27}}],"line":67},"3":{"loc":{"start":{"line":92,"column":16},"end":{"line":101,"column":44}},"type":"if","locations":[{"start":{"line":92,"column":16},"end":{"line":101,"column":44}},{"start":{"line":92,"column":16},"end":{"line":101,"column":44}}],"line":92},"4":{"loc":{"start":{"line":97,"column":21},"end":{"line":101,"column":44}},"type":"if","locations":[{"start":{"line":97,"column":21},"end":{"line":101,"column":44}},{"start":{"line":97,"column":21},"end":{"line":101,"column":44}}],"line":97},"5":{"loc":{"start":{"line":102,"column":16},"end":{"line":104,"column":27}},"type":"if","locations":[{"start":{"line":102,"column":16},"end":{"line":104,"column":27}},{"start":{"line":102,"column":16},"end":{"line":104,"column":27}}],"line":102},"6":{"loc":{"start":{"line":102,"column":20},"end":{"line":103,"column":45}},"type":"binary-expr","locations":[{"start":{"line":102,"column":20},"end":{"line":102,"column":77}},{"start":{"line":103,"column":20},"end":{"line":103,"column":45}}],"line":102}},"s":{"0":0,"1":0,"2":0,"3":0,"4":0,"5":0,"6":0,"7":0,"8":0,"9":0,"10":0,"11":0,"12":0,"13":0,"14":0,"15":0,"16":0,"17":0,"18":0,"19":0,"20":0,"21":0,"22":0,"23":0,"24":0,"25":0,"26":0,"27":0,"28":0,"29":0,"30":0,"31":0,"32":0,"33":0,"34":0,"35":0,"36":0,"37":0,"38":0,"39":0,"40":0,"41":0,"42":0,"43":0,"44":0,"45":0,"46":0,"47":0,"48":0,"49":0,"50":0,"51":0,"52":0,"53":0,"54":0,"55":0,"56":0,"57":0,"58":0,"59":0,"60":0,"61":0,"62":0},"f":{"0":0,"1":0,"2":0,"3":0,"4":0,"5":0,"6":0,"7":0,"8":0,"9":0,"10":0},"b":{"0":[0,0],"1":[0,0],"2":[0,0],"3":[0,0],"4":[0,0],"5":[0,0],"6":[0,0]}},"/home/levabala/projects/nugareact/src/components/CalendarCard/modules/freePlaceToDrop.ts":{"path":"/home/levabala/projects/nugareact/src/components/CalendarCard/modules/freePlaceToDrop.ts","statementMap":{"0":{"start":{"line":3,"column":4},"end":{"line":3,"column":26}},"1":{"start":{"line":4,"column":22},"end":{"line":14,"column":5}},"2":{"start":{"line":5,"column":21},"end":{"line":12,"column":10}},"3":{"start":{"line":6,"column":21},"end":{"line":6,"column":26}},"4":{"start":{"line":6,"column":37},"end":{"line":6,"column":42}},"5":{"start":{"line":7,"column":12},"end":{"line":11,"column":14}},"6":{"start":{"line":13,"column":8},"end":{"line":13,"column":51}},"7":{"start":{"line":15,"column":14},"end":{"line":15,"column":62}},"8":{"start":{"line":16,"column":22},"end":{"line":16,"column":41}},"9":{"start":{"line":17,"column":33},"end":{"line":19,"column":5}},"10":{"start":{"line":18,"column":8},"end":{"line":18,"column":64}},"11":{"start":{"line":20,"column":22},"end":{"line":24,"column":5}},"12":{"start":{"line":21,"column":8},"end":{"line":22,"column":37}},"13":{"start":{"line":22,"column":12},"end":{"line":22,"column":37}},"14":{"start":{"line":23,"column":8},"end":{"line":23,"column":42}},"15":{"start":{"line":25,"column":37},"end":{"line":33,"column":5}},"16":{"start":{"line":26,"column":8},"end":{"line":32,"column":30}},"17":{"start":{"line":31,"column":46},"end":{"line":31,"column":66}},"18":{"start":{"line":34,"column":24},"end":{"line":112,"column":5}},"19":{"start":{"line":35,"column":8},"end":{"line":35,"column":80}},"20":{"start":{"line":35,"column":44},"end":{"line":35,"column":78}},"21":{"start":{"line":36,"column":8},"end":{"line":36,"column":51}},"22":{"start":{"line":36,"column":35},"end":{"line":36,"column":49}},"23":{"start":{"line":37,"column":27},"end":{"line":39,"column":10}},"24":{"start":{"line":38,"column":12},"end":{"line":38,"column":22}},"25":{"start":{"line":40,"column":32},"end":{"line":44,"column":10}},"26":{"start":{"line":41,"column":12},"end":{"line":43,"column":59}},"27":{"start":{"line":46,"column":37},"end":{"line":46,"column":121}},"28":{"start":{"line":47,"column":29},"end":{"line":47,"column":75}},"29":{"start":{"line":48,"column":8},"end":{"line":49,"column":34}},"30":{"start":{"line":49,"column":12},"end":{"line":49,"column":34}},"31":{"start":{"line":50,"column":8},"end":{"line":52,"column":11}},"32":{"start":{"line":51,"column":12},"end":{"line":51,"column":106}},"33":{"start":{"line":53,"column":31},"end":{"line":53,"column":103}},"34":{"start":{"line":55,"column":8},"end":{"line":56,"column":61}},"35":{"start":{"line":56,"column":12},"end":{"line":56,"column":61}},"36":{"start":{"line":57,"column":8},"end":{"line":58,"column":35}},"37":{"start":{"line":58,"column":12},"end":{"line":58,"column":35}},"38":{"start":{"line":59,"column":25},"end":{"line":73,"column":9}},"39":{"start":{"line":60,"column":31},"end":{"line":60,"column":43}},"40":{"start":{"line":61,"column":26},"end":{"line":61,"column":81}},"41":{"start":{"line":62,"column":12},"end":{"line":63,"column":29}},"42":{"start":{"line":63,"column":16},"end":{"line":63,"column":29}},"43":{"start":{"line":64,"column":23},"end":{"line":66,"column":14}},"44":{"start":{"line":65,"column":16},"end":{"line":65,"column":65}},"45":{"start":{"line":67,"column":12},"end":{"line":71,"column":29}},"46":{"start":{"line":68,"column":16},"end":{"line":69,"column":89}},"47":{"start":{"line":69,"column":55},"end":{"line":69,"column":85}},"48":{"start":{"line":71,"column":16},"end":{"line":71,"column":29}},"49":{"start":{"line":72,"column":12},"end":{"line":72,"column":29}},"50":{"start":{"line":74,"column":25},"end":{"line":74,"column":69}},"51":{"start":{"line":75,"column":29},"end":{"line":75,"column":58}},"52":{"start":{"line":76,"column":27},"end":{"line":108,"column":17}},"53":{"start":{"line":77,"column":12},"end":{"line":78,"column":27}},"54":{"start":{"line":78,"column":16},"end":{"line":78,"column":27}},"55":{"start":{"line":79,"column":27},"end":{"line":79,"column":72}},"56":{"start":{"line":80,"column":12},"end":{"line":81,"column":29}},"57":{"start":{"line":81,"column":16},"end":{"line":81,"column":29}},"58":{"start":{"line":82,"column":34},"end":{"line":82,"column":45}},"59":{"start":{"line":82,"column":60},"end":{"line":82,"column":71}},"60":{"start":{"line":83,"column":30},"end":{"line":83,"column":72}},"61":{"start":{"line":83,"column":59},"end":{"line":83,"column":69}},"62":{"start":{"line":84,"column":12},"end":{"line":85,"column":52}},"63":{"start":{"line":85,"column":16},"end":{"line":85,"column":52}},"64":{"start":{"line":86,"column":12},"end":{"line":87,"column":29}},"65":{"start":{"line":87,"column":16},"end":{"line":87,"column":29}},"66":{"start":{"line":89,"column":29},"end":{"line":93,"column":18}},"67":{"start":{"line":90,"column":25},"end":{"line":90,"column":30}},"68":{"start":{"line":90,"column":41},"end":{"line":90,"column":46}},"69":{"start":{"line":91,"column":16},"end":{"line":91,"column":62}},"70":{"start":{"line":92,"column":16},"end":{"line":92,"column":30}},"71":{"start":{"line":95,"column":12},"end":{"line":100,"column":15}},"72":{"start":{"line":96,"column":16},"end":{"line":99,"column":62}},"73":{"start":{"line":97,"column":20},"end":{"line":97,"column":73}},"74":{"start":{"line":99,"column":20},"end":{"line":99,"column":62}},"75":{"start":{"line":101,"column":35},"end":{"line":106,"column":26}},"76":{"start":{"line":102,"column":16},"end":{"line":103,"column":33}},"77":{"start":{"line":103,"column":20},"end":{"line":103,"column":33}},"78":{"start":{"line":104,"column":35},"end":{"line":104,"column":94}},"79":{"start":{"line":105,"column":16},"end":{"line":105,"column":36}},"80":{"start":{"line":107,"column":12},"end":{"line":107,"column":36}},"81":{"start":{"line":109,"column":8},"end":{"line":110,"column":62}},"82":{"start":{"line":110,"column":12},"end":{"line":110,"column":62}},"83":{"start":{"line":111,"column":8},"end":{"line":111,"column":28}},"84":{"start":{"line":113,"column":20},"end":{"line":113,"column":48}},"85":{"start":{"line":114,"column":4},"end":{"line":117,"column":5}},"86":{"start":{"line":115,"column":8},"end":{"line":115,"column":30}},"87":{"start":{"line":116,"column":8},"end":{"line":116,"column":21}},"88":{"start":{"line":118,"column":4},"end":{"line":118,"column":32}},"89":{"start":{"line":119,"column":4},"end":{"line":119,"column":16}}},"fnMap":{"0":{"name":"freePlaceToDrop","decl":{"start":{"line":2,"column":16},"end":{"line":2,"column":31}},"loc":{"start":{"line":2,"column":52},"end":{"line":120,"column":1}},"line":2},"1":{"name":"(anonymous_1)","decl":{"start":{"line":4,"column":22},"end":{"line":4,"column":23}},"loc":{"start":{"line":4,"column":53},"end":{"line":14,"column":5}},"line":4},"2":{"name":"(anonymous_2)","decl":{"start":{"line":5,"column":49},"end":{"line":5,"column":50}},"loc":{"start":{"line":5,"column":63},"end":{"line":12,"column":9}},"line":5},"3":{"name":"(anonymous_3)","decl":{"start":{"line":17,"column":33},"end":{"line":17,"column":34}},"loc":{"start":{"line":17,"column":47},"end":{"line":19,"column":5}},"line":17},"4":{"name":"(anonymous_4)","decl":{"start":{"line":20,"column":22},"end":{"line":20,"column":23}},"loc":{"start":{"line":20,"column":45},"end":{"line":24,"column":5}},"line":20},"5":{"name":"(anonymous_5)","decl":{"start":{"line":25,"column":37},"end":{"line":25,"column":38}},"loc":{"start":{"line":25,"column":100},"end":{"line":33,"column":5}},"line":25},"6":{"name":"(anonymous_6)","decl":{"start":{"line":31,"column":29},"end":{"line":31,"column":30}},"loc":{"start":{"line":31,"column":44},"end":{"line":31,"column":68}},"line":31},"7":{"name":"(anonymous_7)","decl":{"start":{"line":34,"column":24},"end":{"line":34,"column":25}},"loc":{"start":{"line":34,"column":90},"end":{"line":112,"column":5}},"line":34},"8":{"name":"(anonymous_8)","decl":{"start":{"line":37,"column":81},"end":{"line":37,"column":82}},"loc":{"start":{"line":37,"column":93},"end":{"line":39,"column":9}},"line":37},"9":{"name":"(anonymous_9)","decl":{"start":{"line":40,"column":71},"end":{"line":40,"column":72}},"loc":{"start":{"line":40,"column":86},"end":{"line":44,"column":9}},"line":40},"10":{"name":"(anonymous_10)","decl":{"start":{"line":50,"column":34},"end":{"line":50,"column":35}},"loc":{"start":{"line":50,"column":49},"end":{"line":52,"column":9}},"line":50},"11":{"name":"(anonymous_11)","decl":{"start":{"line":59,"column":25},"end":{"line":59,"column":26}},"loc":{"start":{"line":59,"column":53},"end":{"line":73,"column":9}},"line":59},"12":{"name":"(anonymous_12)","decl":{"start":{"line":64,"column":53},"end":{"line":64,"column":54}},"loc":{"start":{"line":64,"column":72},"end":{"line":66,"column":13}},"line":64},"13":{"name":"(anonymous_13)","decl":{"start":{"line":67,"column":26},"end":{"line":67,"column":27}},"loc":{"start":{"line":67,"column":39},"end":{"line":70,"column":13}},"line":67},"14":{"name":"(anonymous_14)","decl":{"start":{"line":69,"column":34},"end":{"line":69,"column":35}},"loc":{"start":{"line":69,"column":53},"end":{"line":69,"column":87}},"line":69},"15":{"name":"(anonymous_15)","decl":{"start":{"line":76,"column":49},"end":{"line":76,"column":50}},"loc":{"start":{"line":76,"column":71},"end":{"line":108,"column":9}},"line":76},"16":{"name":"(anonymous_16)","decl":{"start":{"line":83,"column":43},"end":{"line":83,"column":44}},"loc":{"start":{"line":83,"column":57},"end":{"line":83,"column":71}},"line":83},"17":{"name":"(anonymous_17)","decl":{"start":{"line":89,"column":68},"end":{"line":89,"column":69}},"loc":{"start":{"line":89,"column":90},"end":{"line":93,"column":13}},"line":89},"18":{"name":"(anonymous_18)","decl":{"start":{"line":95,"column":36},"end":{"line":95,"column":37}},"loc":{"start":{"line":95,"column":51},"end":{"line":100,"column":13}},"line":95},"19":{"name":"(anonymous_19)","decl":{"start":{"line":101,"column":58},"end":{"line":101,"column":59}},"loc":{"start":{"line":101,"column":82},"end":{"line":106,"column":13}},"line":101}},"branchMap":{"0":{"loc":{"start":{"line":18,"column":15},"end":{"line":18,"column":63}},"type":"binary-expr","locations":[{"start":{"line":18,"column":15},"end":{"line":18,"column":36}},{"start":{"line":18,"column":40},"end":{"line":18,"column":63}}],"line":18},"1":{"loc":{"start":{"line":21,"column":8},"end":{"line":22,"column":37}},"type":"if","locations":[{"start":{"line":21,"column":8},"end":{"line":22,"column":37}},{"start":{"line":21,"column":8},"end":{"line":22,"column":37}}],"line":21},"2":{"loc":{"start":{"line":35,"column":8},"end":{"line":35,"column":80}},"type":"if","locations":[{"start":{"line":35,"column":8},"end":{"line":35,"column":80}},{"start":{"line":35,"column":8},"end":{"line":35,"column":80}}],"line":35},"3":{"loc":{"start":{"line":36,"column":8},"end":{"line":36,"column":51}},"type":"if","locations":[{"start":{"line":36,"column":8},"end":{"line":36,"column":51}},{"start":{"line":36,"column":8},"end":{"line":36,"column":51}}],"line":36},"4":{"loc":{"start":{"line":41,"column":19},"end":{"line":43,"column":58}},"type":"binary-expr","locations":[{"start":{"line":41,"column":19},"end":{"line":41,"column":53}},{"start":{"line":42,"column":16},"end":{"line":42,"column":51}},{"start":{"line":43,"column":16},"end":{"line":43,"column":58}}],"line":41},"5":{"loc":{"start":{"line":48,"column":8},"end":{"line":49,"column":34}},"type":"if","locations":[{"start":{"line":48,"column":8},"end":{"line":49,"column":34}},{"start":{"line":48,"column":8},"end":{"line":49,"column":34}}],"line":48},"6":{"loc":{"start":{"line":51,"column":48},"end":{"line":51,"column":90}},"type":"binary-expr","locations":[{"start":{"line":51,"column":48},"end":{"line":51,"column":77}},{"start":{"line":51,"column":81},"end":{"line":51,"column":90}}],"line":51},"7":{"loc":{"start":{"line":53,"column":52},"end":{"line":53,"column":99}},"type":"binary-expr","locations":[{"start":{"line":53,"column":52},"end":{"line":53,"column":86}},{"start":{"line":53,"column":90},"end":{"line":53,"column":99}}],"line":53},"8":{"loc":{"start":{"line":55,"column":8},"end":{"line":56,"column":61}},"type":"if","locations":[{"start":{"line":55,"column":8},"end":{"line":56,"column":61}},{"start":{"line":55,"column":8},"end":{"line":56,"column":61}}],"line":55},"9":{"loc":{"start":{"line":57,"column":8},"end":{"line":58,"column":35}},"type":"if","locations":[{"start":{"line":57,"column":8},"end":{"line":58,"column":35}},{"start":{"line":57,"column":8},"end":{"line":58,"column":35}}],"line":57},"10":{"loc":{"start":{"line":61,"column":26},"end":{"line":61,"column":81}},"type":"binary-expr","locations":[{"start":{"line":61,"column":26},"end":{"line":61,"column":43}},{"start":{"line":61,"column":47},"end":{"line":61,"column":81}}],"line":61},"11":{"loc":{"start":{"line":62,"column":12},"end":{"line":63,"column":29}},"type":"if","locations":[{"start":{"line":62,"column":12},"end":{"line":63,"column":29}},{"start":{"line":62,"column":12},"end":{"line":63,"column":29}}],"line":62},"12":{"loc":{"start":{"line":67,"column":12},"end":{"line":71,"column":29}},"type":"if","locations":[{"start":{"line":67,"column":12},"end":{"line":71,"column":29}},{"start":{"line":67,"column":12},"end":{"line":71,"column":29}}],"line":67},"13":{"loc":{"start":{"line":68,"column":23},"end":{"line":69,"column":88}},"type":"binary-expr","locations":[{"start":{"line":68,"column":23},"end":{"line":68,"column":56}},{"start":{"line":69,"column":20},"end":{"line":69,"column":88}}],"line":68},"14":{"loc":{"start":{"line":74,"column":25},"end":{"line":74,"column":69}},"type":"cond-expr","locations":[{"start":{"line":74,"column":63},"end":{"line":74,"column":65}},{"start":{"line":74,"column":68},"end":{"line":74,"column":69}}],"line":74},"15":{"loc":{"start":{"line":77,"column":12},"end":{"line":78,"column":27}},"type":"if","locations":[{"start":{"line":77,"column":12},"end":{"line":78,"column":27}},{"start":{"line":77,"column":12},"end":{"line":78,"column":27}}],"line":77},"16":{"loc":{"start":{"line":80,"column":12},"end":{"line":81,"column":29}},"type":"if","locations":[{"start":{"line":80,"column":12},"end":{"line":81,"column":29}},{"start":{"line":80,"column":12},"end":{"line":81,"column":29}}],"line":80},"17":{"loc":{"start":{"line":84,"column":12},"end":{"line":85,"column":52}},"type":"if","locations":[{"start":{"line":84,"column":12},"end":{"line":85,"column":52}},{"start":{"line":84,"column":12},"end":{"line":85,"column":52}}],"line":84},"18":{"loc":{"start":{"line":86,"column":12},"end":{"line":87,"column":29}},"type":"if","locations":[{"start":{"line":86,"column":12},"end":{"line":87,"column":29}},{"start":{"line":86,"column":12},"end":{"line":87,"column":29}}],"line":86},"19":{"loc":{"start":{"line":96,"column":16},"end":{"line":99,"column":62}},"type":"if","locations":[{"start":{"line":96,"column":16},"end":{"line":99,"column":62}},{"start":{"line":96,"column":16},"end":{"line":99,"column":62}}],"line":96},"20":{"loc":{"start":{"line":102,"column":16},"end":{"line":103,"column":33}},"type":"if","locations":[{"start":{"line":102,"column":16},"end":{"line":103,"column":33}},{"start":{"line":102,"column":16},"end":{"line":103,"column":33}}],"line":102},"21":{"loc":{"start":{"line":109,"column":8},"end":{"line":110,"column":62}},"type":"if","locations":[{"start":{"line":109,"column":8},"end":{"line":110,"column":62}},{"start":{"line":109,"column":8},"end":{"line":110,"column":62}}],"line":109},"22":{"loc":{"start":{"line":114,"column":4},"end":{"line":117,"column":5}},"type":"if","locations":[{"start":{"line":114,"column":4},"end":{"line":117,"column":5}},{"start":{"line":114,"column":4},"end":{"line":117,"column":5}}],"line":114}},"s":{"0":0,"1":0,"2":0,"3":0,"4":0,"5":0,"6":0,"7":0,"8":0,"9":0,"10":0,"11":0,"12":0,"13":0,"14":0,"15":0,"16":0,"17":0,"18":0,"19":0,"20":0,"21":0,"22":0,"23":0,"24":0,"25":0,"26":0,"27":0,"28":0,"29":0,"30":0,"31":0,"32":0,"33":0,"34":0,"35":0,"36":0,"37":0,"38":0,"39":0,"40":0,"41":0,"42":0,"43":0,"44":0,"45":0,"46":0,"47":0,"48":0,"49":0,"50":0,"51":0,"52":0,"53":0,"54":0,"55":0,"56":0,"57":0,"58":0,"59":0,"60":0,"61":0,"62":0,"63":0,"64":0,"65":0,"66":0,"67":0,"68":0,"69":0,"70":0,"71":0,"72":0,"73":0,"74":0,"75":0,"76":0,"77":0,"78":0,"79":0,"80":0,"81":0,"82":0,"83":0,"84":0,"85":0,"86":0,"87":0,"88":0,"89":0},"f":{"0":0,"1":0,"2":0,"3":0,"4":0,"5":0,"6":0,"7":0,"8":0,"9":0,"10":0,"11":0,"12":0,"13":0,"14":0,"15":0,"16":0,"17":0,"18":0,"19":0},"b":{"0":[0,0],"1":[0,0],"2":[0,0],"3":[0,0],"4":[0,0,0],"5":[0,0],"6":[0,0],"7":[0,0],"8":[0,0],"9":[0,0],"10":[0,0],"11":[0,0],"12":[0,0],"13":[0,0],"14":[0,0],"15":[0,0],"16":[0,0],"17":[0,0],"18":[0,0],"19":[0,0],"20":[0,0],"21":[0,0],"22":[0,0]}},"/home/levabala/projects/nugareact/src/components/CalendarCard/modules/resizeConfig.ts":{"path":"/home/levabala/projects/nugareact/src/components/CalendarCard/modules/resizeConfig.ts","statementMap":{"0":{"start":{"line":4,"column":13},"end":{"line":4,"column":33}},"1":{"start":{"line":6,"column":16},"end":{"line":6,"column":20}},"2":{"start":{"line":7,"column":20},"end":{"line":7,"column":24}},"3":{"start":{"line":9,"column":4},"end":{"line":64,"column":6}},"4":{"start":{"line":14,"column":25},"end":{"line":14,"column":33}},"5":{"start":{"line":15,"column":12},"end":{"line":15,"column":39}},"6":{"start":{"line":16,"column":26},"end":{"line":16,"column":43}},"7":{"start":{"line":17,"column":32},"end":{"line":17,"column":42}},"8":{"start":{"line":18,"column":22},"end":{"line":18,"column":63}},"9":{"start":{"line":19,"column":28},"end":{"line":19,"column":71}},"10":{"start":{"line":20,"column":12},"end":{"line":20,"column":39}},"11":{"start":{"line":21,"column":12},"end":{"line":22,"column":23}},"12":{"start":{"line":22,"column":16},"end":{"line":22,"column":23}},"13":{"start":{"line":23,"column":12},"end":{"line":27,"column":15}},"14":{"start":{"line":30,"column":25},"end":{"line":30,"column":33}},"15":{"start":{"line":31,"column":12},"end":{"line":31,"column":39}},"16":{"start":{"line":32,"column":27},"end":{"line":33,"column":42}},"17":{"start":{"line":34,"column":12},"end":{"line":35,"column":23}},"18":{"start":{"line":35,"column":16},"end":{"line":35,"column":23}},"19":{"start":{"line":36,"column":28},"end":{"line":36,"column":71}},"20":{"start":{"line":37,"column":26},"end":{"line":37,"column":43}},"21":{"start":{"line":38,"column":27},"end":{"line":38,"column":45}},"22":{"start":{"line":39,"column":27},"end":{"line":39,"column":59}},"23":{"start":{"line":40,"column":23},"end":{"line":40,"column":66}},"24":{"start":{"line":41,"column":31},"end":{"line":41,"column":74}},"25":{"start":{"line":42,"column":32},"end":{"line":42,"column":42}},"26":{"start":{"line":43,"column":22},"end":{"line":43,"column":63}},"27":{"start":{"line":44,"column":26},"end":{"line":45,"column":28}},"28":{"start":{"line":46,"column":27},"end":{"line":46,"column":140}},"29":{"start":{"line":47,"column":24},"end":{"line":47,"column":78}},"30":{"start":{"line":48,"column":22},"end":{"line":48,"column":51}},"31":{"start":{"line":49,"column":30},"end":{"line":53,"column":14}},"32":{"start":{"line":50,"column":16},"end":{"line":52,"column":55}},"33":{"start":{"line":54,"column":12},"end":{"line":59,"column":13}},"34":{"start":{"line":55,"column":34},"end":{"line":55,"column":105}},"35":{"start":{"line":56,"column":31},"end":{"line":56,"column":61}},"36":{"start":{"line":57,"column":16},"end":{"line":57,"column":56}},"37":{"start":{"line":58,"column":16},"end":{"line":58,"column":23}},"38":{"start":{"line":60,"column":12},"end":{"line":60,"column":30}},"39":{"start":{"line":61,"column":12},"end":{"line":61,"column":56}},"40":{"start":{"line":62,"column":12},"end":{"line":62,"column":78}}},"fnMap":{"0":{"name":"generateResizeConfig","decl":{"start":{"line":5,"column":16},"end":{"line":5,"column":36}},"loc":{"start":{"line":5,"column":39},"end":{"line":65,"column":1}},"line":5},"1":{"name":"(anonymous_1)","decl":{"start":{"line":13,"column":15},"end":{"line":13,"column":16}},"loc":{"start":{"line":13,"column":28},"end":{"line":28,"column":9}},"line":13},"2":{"name":"(anonymous_2)","decl":{"start":{"line":29,"column":16},"end":{"line":29,"column":17}},"loc":{"start":{"line":29,"column":29},"end":{"line":63,"column":9}},"line":29},"3":{"name":"(anonymous_3)","decl":{"start":{"line":49,"column":67},"end":{"line":49,"column":68}},"loc":{"start":{"line":49,"column":87},"end":{"line":53,"column":13}},"line":49}},"branchMap":{"0":{"loc":{"start":{"line":21,"column":12},"end":{"line":22,"column":23}},"type":"if","locations":[{"start":{"line":21,"column":12},"end":{"line":22,"column":23}},{"start":{"line":21,"column":12},"end":{"line":22,"column":23}}],"line":21},"1":{"loc":{"start":{"line":34,"column":12},"end":{"line":35,"column":23}},"type":"if","locations":[{"start":{"line":34,"column":12},"end":{"line":35,"column":23}},{"start":{"line":34,"column":12},"end":{"line":35,"column":23}}],"line":34},"2":{"loc":{"start":{"line":50,"column":23},"end":{"line":52,"column":54}},"type":"binary-expr","locations":[{"start":{"line":50,"column":23},"end":{"line":50,"column":57}},{"start":{"line":51,"column":20},"end":{"line":51,"column":54}},{"start":{"line":52,"column":20},"end":{"line":52,"column":54}}],"line":50},"3":{"loc":{"start":{"line":54,"column":12},"end":{"line":59,"column":13}},"type":"if","locations":[{"start":{"line":54,"column":12},"end":{"line":59,"column":13}},{"start":{"line":54,"column":12},"end":{"line":59,"column":13}}],"line":54}},"s":{"0":0,"1":0,"2":0,"3":0,"4":0,"5":0,"6":0,"7":0,"8":0,"9":0,"10":0,"11":0,"12":0,"13":0,"14":0,"15":0,"16":0,"17":0,"18":0,"19":0,"20":0,"21":0,"22":0,"23":0,"24":0,"25":0,"26":0,"27":0,"28":0,"29":0,"30":0,"31":0,"32":0,"33":0,"34":0,"35":0,"36":0,"37":0,"38":0,"39":0,"40":0},"f":{"0":0,"1":0,"2":0,"3":0},"b":{"0":[0,0],"1":[0,0],"2":[0,0,0],"3":[0,0]}},"/home/levabala/projects/nugareact/src/components/CalendarCard/modules/staticMethods.ts":{"path":"/home/levabala/projects/nugareact/src/components/CalendarCard/modules/staticMethods.ts","statementMap":{"0":{"start":{"line":3,"column":4},"end":{"line":3,"column":44}},"1":{"start":{"line":3,"column":28},"end":{"line":3,"column":42}},"2":{"start":{"line":5,"column":4},"end":{"line":8,"column":46}},"3":{"start":{"line":6,"column":8},"end":{"line":6,"column":36}},"4":{"start":{"line":7,"column":8},"end":{"line":7,"column":39}},"5":{"start":{"line":10,"column":8},"end":{"line":10,"column":52}},"6":{"start":{"line":11,"column":8},"end":{"line":11,"column":54}},"7":{"start":{"line":14,"column":8},"end":{"line":15,"column":19}},"8":{"start":{"line":15,"column":12},"end":{"line":15,"column":19}},"9":{"start":{"line":16,"column":8},"end":{"line":16,"column":38}},"10":{"start":{"line":17,"column":8},"end":{"line":17,"column":31}},"11":{"start":{"line":18,"column":8},"end":{"line":18,"column":35}},"12":{"start":{"line":19,"column":8},"end":{"line":19,"column":48}},"13":{"start":{"line":20,"column":8},"end":{"line":20,"column":51}},"14":{"start":{"line":23,"column":8},"end":{"line":24,"column":19}},"15":{"start":{"line":24,"column":12},"end":{"line":24,"column":19}},"16":{"start":{"line":25,"column":8},"end":{"line":25,"column":33}},"17":{"start":{"line":26,"column":8},"end":{"line":26,"column":28}},"18":{"start":{"line":27,"column":8},"end":{"line":27,"column":30}},"19":{"start":{"line":28,"column":8},"end":{"line":28,"column":52}},"20":{"start":{"line":30,"column":24},"end":{"line":30,"column":68}},"21":{"start":{"line":31,"column":18},"end":{"line":31,"column":39}},"22":{"start":{"line":32,"column":22},"end":{"line":32,"column":41}},"23":{"start":{"line":33,"column":4},"end":{"line":34,"column":28}},"24":{"start":{"line":34,"column":8},"end":{"line":34,"column":28}},"25":{"start":{"line":35,"column":15},"end":{"line":35,"column":52}},"26":{"start":{"line":36,"column":21},"end":{"line":36,"column":72}},"27":{"start":{"line":37,"column":22},"end":{"line":37,"column":71}},"28":{"start":{"line":38,"column":4},"end":{"line":41,"column":43}},"29":{"start":{"line":39,"column":8},"end":{"line":39,"column":53}},"30":{"start":{"line":41,"column":8},"end":{"line":41,"column":43}},"31":{"start":{"line":44,"column":19},"end":{"line":44,"column":68}},"32":{"start":{"line":45,"column":4},"end":{"line":45,"column":20}},"33":{"start":{"line":48,"column":23},"end":{"line":48,"column":72}},"34":{"start":{"line":49,"column":4},"end":{"line":49,"column":24}},"35":{"start":{"line":52,"column":20},"end":{"line":53,"column":30}},"36":{"start":{"line":54,"column":20},"end":{"line":54,"column":46}},"37":{"start":{"line":55,"column":16},"end":{"line":55,"column":47}},"38":{"start":{"line":56,"column":15},"end":{"line":56,"column":69}},"39":{"start":{"line":57,"column":17},"end":{"line":57,"column":73}},"40":{"start":{"line":58,"column":19},"end":{"line":58,"column":70}},"41":{"start":{"line":59,"column":4},"end":{"line":59,"column":21}},"42":{"start":{"line":60,"column":4},"end":{"line":60,"column":25}},"43":{"start":{"line":61,"column":4},"end":{"line":61,"column":48}},"44":{"start":{"line":64,"column":4},"end":{"line":64,"column":49}}},"fnMap":{"0":{"name":"updateStickyElements","decl":{"start":{"line":2,"column":16},"end":{"line":2,"column":36}},"loc":{"start":{"line":2,"column":44},"end":{"line":42,"column":1}},"line":2},"1":{"name":"(anonymous_1)","decl":{"start":{"line":5,"column":5},"end":{"line":5,"column":6}},"loc":{"start":{"line":5,"column":30},"end":{"line":8,"column":5}},"line":5},"2":{"name":"init","decl":{"start":{"line":9,"column":13},"end":{"line":9,"column":17}},"loc":{"start":{"line":9,"column":24},"end":{"line":12,"column":5}},"line":9},"3":{"name":"makeSticky","decl":{"start":{"line":13,"column":13},"end":{"line":13,"column":23}},"loc":{"start":{"line":13,"column":42},"end":{"line":21,"column":5}},"line":13},"4":{"name":"makeUnSticky","decl":{"start":{"line":22,"column":13},"end":{"line":22,"column":25}},"loc":{"start":{"line":22,"column":35},"end":{"line":29,"column":5}},"line":22},"5":{"name":"calcDaySize","decl":{"start":{"line":43,"column":16},"end":{"line":43,"column":27}},"loc":{"start":{"line":43,"column":103},"end":{"line":46,"column":1}},"line":43},"6":{"name":"calcColumnsCount","decl":{"start":{"line":47,"column":16},"end":{"line":47,"column":32}},"loc":{"start":{"line":47,"column":71},"end":{"line":50,"column":1}},"line":47},"7":{"name":"getCellInfo","decl":{"start":{"line":51,"column":16},"end":{"line":51,"column":27}},"loc":{"start":{"line":51,"column":36},"end":{"line":62,"column":1}},"line":51},"8":{"name":"calcGridsCount","decl":{"start":{"line":63,"column":16},"end":{"line":63,"column":30}},"loc":{"start":{"line":63,"column":54},"end":{"line":65,"column":1}},"line":63}},"branchMap":{"0":{"loc":{"start":{"line":3,"column":4},"end":{"line":3,"column":44}},"type":"if","locations":[{"start":{"line":3,"column":4},"end":{"line":3,"column":44}},{"start":{"line":3,"column":4},"end":{"line":3,"column":44}}],"line":3},"1":{"loc":{"start":{"line":8,"column":7},"end":{"line":8,"column":44}},"type":"binary-expr","locations":[{"start":{"line":8,"column":7},"end":{"line":8,"column":20}},{"start":{"line":8,"column":25},"end":{"line":8,"column":43}}],"line":8},"2":{"loc":{"start":{"line":14,"column":8},"end":{"line":15,"column":19}},"type":"if","locations":[{"start":{"line":14,"column":8},"end":{"line":15,"column":19}},{"start":{"line":14,"column":8},"end":{"line":15,"column":19}}],"line":14},"3":{"loc":{"start":{"line":14,"column":12},"end":{"line":14,"column":39}},"type":"binary-expr","locations":[{"start":{"line":14,"column":12},"end":{"line":14,"column":33}},{"start":{"line":14,"column":37},"end":{"line":14,"column":39}}],"line":14},"4":{"loc":{"start":{"line":23,"column":8},"end":{"line":24,"column":19}},"type":"if","locations":[{"start":{"line":23,"column":8},"end":{"line":24,"column":19}},{"start":{"line":23,"column":8},"end":{"line":24,"column":19}}],"line":23},"5":{"loc":{"start":{"line":23,"column":12},"end":{"line":23,"column":40}},"type":"binary-expr","locations":[{"start":{"line":23,"column":12},"end":{"line":23,"column":34}},{"start":{"line":23,"column":38},"end":{"line":23,"column":40}}],"line":23},"6":{"loc":{"start":{"line":33,"column":4},"end":{"line":34,"column":28}},"type":"if","locations":[{"start":{"line":33,"column":4},"end":{"line":34,"column":28}},{"start":{"line":33,"column":4},"end":{"line":34,"column":28}}],"line":33},"7":{"loc":{"start":{"line":37,"column":22},"end":{"line":37,"column":71}},"type":"binary-expr","locations":[{"start":{"line":37,"column":22},"end":{"line":37,"column":41}},{"start":{"line":37,"column":45},"end":{"line":37,"column":71}}],"line":37},"8":{"loc":{"start":{"line":38,"column":4},"end":{"line":41,"column":43}},"type":"if","locations":[{"start":{"line":38,"column":4},"end":{"line":41,"column":43}},{"start":{"line":38,"column":4},"end":{"line":41,"column":43}}],"line":38},"9":{"loc":{"start":{"line":56,"column":24},"end":{"line":56,"column":64}},"type":"binary-expr","locations":[{"start":{"line":56,"column":24},"end":{"line":56,"column":56}},{"start":{"line":56,"column":60},"end":{"line":56,"column":64}}],"line":56},"10":{"loc":{"start":{"line":57,"column":26},"end":{"line":57,"column":68}},"type":"binary-expr","locations":[{"start":{"line":57,"column":26},"end":{"line":57,"column":60}},{"start":{"line":57,"column":64},"end":{"line":57,"column":68}}],"line":57},"11":{"loc":{"start":{"line":58,"column":28},"end":{"line":58,"column":65}},"type":"binary-expr","locations":[{"start":{"line":58,"column":28},"end":{"line":58,"column":57}},{"start":{"line":58,"column":61},"end":{"line":58,"column":65}}],"line":58}},"s":{"0":0,"1":0,"2":0,"3":0,"4":0,"5":0,"6":0,"7":0,"8":0,"9":0,"10":0,"11":0,"12":0,"13":0,"14":0,"15":0,"16":0,"17":0,"18":0,"19":0,"20":0,"21":0,"22":0,"23":0,"24":0,"25":0,"26":0,"27":0,"28":0,"29":0,"30":0,"31":0,"32":0,"33":0,"34":0,"35":0,"36":0,"37":0,"38":0,"39":0,"40":0,"41":0,"42":0,"43":0,"44":0},"f":{"0":0,"1":0,"2":0,"3":0,"4":0,"5":0,"6":0,"7":0,"8":0},"b":{"0":[0,0],"1":[0,0],"2":[0,0],"3":[0,0],"4":[0,0],"5":[0,0],"6":[0,0],"7":[0,0],"8":[0,0],"9":[0,0],"10":[0,0],"11":[0,0]}},"/home/levabala/projects/nugareact/src/components/CalendarCard/RightColumn/index.ts":{"path":"/home/levabala/projects/nugareact/src/components/CalendarCard/RightColumn/index.ts","statementMap":{},"fnMap":{},"branchMap":{},"s":{},"f":{},"b":{}},"/home/levabala/projects/nugareact/src/components/CalendarCard/ToggleArea/index.ts":{"path":"/home/levabala/projects/nugareact/src/components/CalendarCard/ToggleArea/index.ts","statementMap":{},"fnMap":{},"branchMap":{},"s":{},"f":{},"b":{}},"/home/levabala/projects/nugareact/src/components/Card/index.ts":{"path":"/home/levabala/projects/nugareact/src/components/Card/index.ts","statementMap":{},"fnMap":{},"branchMap":{},"s":{},"f":{},"b":{}},"/home/levabala/projects/nugareact/src/components/ControlWindow/index.ts":{"path":"/home/levabala/projects/nugareact/src/components/ControlWindow/index.ts","statementMap":{},"fnMap":{},"branchMap":{},"s":{},"f":{},"b":{}},"/home/levabala/projects/nugareact/src/components/PurchasesCard/index.ts":{"path":"/home/levabala/projects/nugareact/src/components/PurchasesCard/index.ts","statementMap":{},"fnMap":{},"branchMap":{},"s":{},"f":{},"b":{}},"/home/levabala/projects/nugareact/src/components/Table/index.ts":{"path":"/home/levabala/projects/nugareact/src/components/Table/index.ts","statementMap":{},"fnMap":{},"branchMap":{},"s":{},"f":{},"b":{}},"/home/levabala/projects/nugareact/src/components/TextEditable/index.ts":{"path":"/home/levabala/projects/nugareact/src/components/TextEditable/index.ts","statementMap":{},"fnMap":{},"branchMap":{},"s":{},"f":{},"b":{}},"/home/levabala/projects/nugareact/src/components/VersionChangelog/index.ts":{"path":"/home/levabala/projects/nugareact/src/components/VersionChangelog/index.ts","statementMap":{},"fnMap":{},"branchMap":{},"s":{},"f":{},"b":{}},"/home/levabala/projects/nugareact/src/components/VersionLabel/index.ts":{"path":"/home/levabala/projects/nugareact/src/components/VersionLabel/index.ts","statementMap":{},"fnMap":{},"branchMap":{},"s":{},"f":{},"b":{}},"/home/levabala/projects/nugareact/src/dev/clientSide.ts":{"path":"/home/levabala/projects/nugareact/src/dev/clientSide.ts","statementMap":{"0":{"start":{"line":1,"column":24},"end":{"line":3,"column":33}}},"fnMap":{},"branchMap":{"0":{"loc":{"start":{"line":1,"column":24},"end":{"line":3,"column":33}},"type":"binary-expr","locations":[{"start":{"line":1,"column":24},"end":{"line":1,"column":53}},{"start":{"line":2,"column":4},"end":{"line":2,"column":19}},{"start":{"line":3,"column":4},"end":{"line":3,"column":33}}],"line":1}},"s":{"0":0},"f":{},"b":{"0":[0,0,0]}},"/home/levabala/projects/nugareact/src/fetchers/DayFetcher.ts":{"path":"/home/levabala/projects/nugareact/src/fetchers/DayFetcher.ts","statementMap":{"0":{"start":{"line":1,"column":16},"end":{"line":8,"column":1}},"1":{"start":{"line":2,"column":4},"end":{"line":7,"column":7}},"2":{"start":{"line":3,"column":36},"end":{"line":3,"column":97}},"3":{"start":{"line":3,"column":42},"end":{"line":3,"column":70}},"4":{"start":{"line":3,"column":85},"end":{"line":3,"column":95}},"5":{"start":{"line":4,"column":35},"end":{"line":4,"column":100}},"6":{"start":{"line":4,"column":41},"end":{"line":4,"column":73}},"7":{"start":{"line":4,"column":88},"end":{"line":4,"column":98}},"8":{"start":{"line":5,"column":32},"end":{"line":5,"column":149}},"9":{"start":{"line":5,"column":97},"end":{"line":5,"column":119}},"10":{"start":{"line":6,"column":8},"end":{"line":6,"column":78}},"11":{"start":{"line":9,"column":18},"end":{"line":35,"column":1}},"12":{"start":{"line":10,"column":12},"end":{"line":10,"column":104}},"13":{"start":{"line":10,"column":43},"end":{"line":10,"column":68}},"14":{"start":{"line":10,"column":57},"end":{"line":10,"column":68}},"15":{"start":{"line":10,"column":69},"end":{"line":10,"column":81}},"16":{"start":{"line":11,"column":4},"end":{"line":11,"column":157}},"17":{"start":{"line":11,"column":138},"end":{"line":11,"column":150}},"18":{"start":{"line":12,"column":23},"end":{"line":12,"column":68}},"19":{"start":{"line":12,"column":45},"end":{"line":12,"column":65}},"20":{"start":{"line":14,"column":8},"end":{"line":14,"column":70}},"21":{"start":{"line":14,"column":15},"end":{"line":14,"column":70}},"22":{"start":{"line":15,"column":8},"end":{"line":32,"column":66}},"23":{"start":{"line":15,"column":18},"end":{"line":32,"column":66}},"24":{"start":{"line":16,"column":12},"end":{"line":16,"column":169}},"25":{"start":{"line":16,"column":160},"end":{"line":16,"column":169}},"26":{"start":{"line":17,"column":12},"end":{"line":17,"column":52}},"27":{"start":{"line":17,"column":26},"end":{"line":17,"column":52}},"28":{"start":{"line":18,"column":12},"end":{"line":30,"column":13}},"29":{"start":{"line":19,"column":32},"end":{"line":19,"column":39}},"30":{"start":{"line":19,"column":40},"end":{"line":19,"column":46}},"31":{"start":{"line":20,"column":24},"end":{"line":20,"column":34}},"32":{"start":{"line":20,"column":35},"end":{"line":20,"column":72}},"33":{"start":{"line":21,"column":24},"end":{"line":21,"column":34}},"34":{"start":{"line":21,"column":35},"end":{"line":21,"column":45}},"35":{"start":{"line":21,"column":46},"end":{"line":21,"column":55}},"36":{"start":{"line":21,"column":56},"end":{"line":21,"column":65}},"37":{"start":{"line":22,"column":24},"end":{"line":22,"column":41}},"38":{"start":{"line":22,"column":42},"end":{"line":22,"column":55}},"39":{"start":{"line":22,"column":56},"end":{"line":22,"column":65}},"40":{"start":{"line":24,"column":20},"end":{"line":24,"column":128}},"41":{"start":{"line":24,"column":110},"end":{"line":24,"column":116}},"42":{"start":{"line":24,"column":117},"end":{"line":24,"column":126}},"43":{"start":{"line":25,"column":20},"end":{"line":25,"column":106}},"44":{"start":{"line":25,"column":81},"end":{"line":25,"column":97}},"45":{"start":{"line":25,"column":98},"end":{"line":25,"column":104}},"46":{"start":{"line":26,"column":20},"end":{"line":26,"column":89}},"47":{"start":{"line":26,"column":57},"end":{"line":26,"column":72}},"48":{"start":{"line":26,"column":73},"end":{"line":26,"column":80}},"49":{"start":{"line":26,"column":81},"end":{"line":26,"column":87}},"50":{"start":{"line":27,"column":20},"end":{"line":27,"column":87}},"51":{"start":{"line":27,"column":47},"end":{"line":27,"column":62}},"52":{"start":{"line":27,"column":63},"end":{"line":27,"column":78}},"53":{"start":{"line":27,"column":79},"end":{"line":27,"column":85}},"54":{"start":{"line":28,"column":20},"end":{"line":28,"column":42}},"55":{"start":{"line":28,"column":30},"end":{"line":28,"column":42}},"56":{"start":{"line":29,"column":20},"end":{"line":29,"column":33}},"57":{"start":{"line":29,"column":34},"end":{"line":29,"column":43}},"58":{"start":{"line":31,"column":12},"end":{"line":31,"column":39}},"59":{"start":{"line":32,"column":22},"end":{"line":32,"column":34}},"60":{"start":{"line":32,"column":35},"end":{"line":32,"column":41}},"61":{"start":{"line":32,"column":54},"end":{"line":32,"column":64}},"62":{"start":{"line":33,"column":8},"end":{"line":33,"column":35}},"63":{"start":{"line":33,"column":23},"end":{"line":33,"column":35}},"64":{"start":{"line":33,"column":36},"end":{"line":33,"column":89}},"65":{"start":{"line":40,"column":13},"end":{"line":40,"column":33}},"66":{"start":{"line":48,"column":4},"end":{"line":48,"column":38}},"67":{"start":{"line":48,"column":27},"end":{"line":48,"column":36}},"68":{"start":{"line":49,"column":4},"end":{"line":49,"column":58}},"69":{"start":{"line":51,"column":24},"end":{"line":51,"column":25}},"70":{"start":{"line":52,"column":23},"end":{"line":52,"column":25}},"71":{"start":{"line":53,"column":16},"end":{"line":53,"column":18}},"72":{"start":{"line":54,"column":27},"end":{"line":54,"column":29}},"73":{"start":{"line":55,"column":28},"end":{"line":55,"column":30}},"74":{"start":{"line":58,"column":19},"end":{"line":58,"column":45}},"75":{"start":{"line":59,"column":17},"end":{"line":59,"column":41}},"76":{"start":{"line":60,"column":16},"end":{"line":60,"column":46}},"77":{"start":{"line":61,"column":15},"end":{"line":61,"column":42}},"78":{"start":{"line":62,"column":15},"end":{"line":65,"column":11}},"79":{"start":{"line":63,"column":8},"end":{"line":63,"column":72}},"80":{"start":{"line":64,"column":8},"end":{"line":64,"column":19}},"81":{"start":{"line":66,"column":4},"end":{"line":66,"column":22}},"82":{"start":{"line":67,"column":4},"end":{"line":67,"column":34}},"83":{"start":{"line":69,"column":0},"end":{"line":69,"column":29}},"84":{"start":{"line":71,"column":4},"end":{"line":71,"column":46}},"85":{"start":{"line":71,"column":29},"end":{"line":71,"column":44}},"86":{"start":{"line":72,"column":4},"end":{"line":72,"column":55}},"87":{"start":{"line":72,"column":28},"end":{"line":72,"column":53}},"88":{"start":{"line":73,"column":4},"end":{"line":131,"column":7}},"89":{"start":{"line":75,"column":20},"end":{"line":75,"column":24}},"90":{"start":{"line":76,"column":8},"end":{"line":130,"column":11}},"91":{"start":{"line":77,"column":12},"end":{"line":129,"column":13}},"92":{"start":{"line":79,"column":20},"end":{"line":79,"column":32}},"93":{"start":{"line":80,"column":20},"end":{"line":82,"column":43}},"94":{"start":{"line":83,"column":20},"end":{"line":106,"column":22}},"95":{"start":{"line":84,"column":34},"end":{"line":97,"column":25}},"96":{"start":{"line":98,"column":36},"end":{"line":98,"column":94}},"97":{"start":{"line":99,"column":24},"end":{"line":103,"column":40}},"98":{"start":{"line":100,"column":36},"end":{"line":100,"column":41}},"99":{"start":{"line":100,"column":47},"end":{"line":100,"column":52}},"100":{"start":{"line":101,"column":28},"end":{"line":101,"column":75}},"101":{"start":{"line":103,"column":28},"end":{"line":103,"column":40}},"102":{"start":{"line":104,"column":24},"end":{"line":104,"column":59}},"103":{"start":{"line":105,"column":24},"end":{"line":105,"column":35}},"104":{"start":{"line":107,"column":20},"end":{"line":114,"column":37}},"105":{"start":{"line":109,"column":47},"end":{"line":114,"column":31}},"106":{"start":{"line":109,"column":101},"end":{"line":114,"column":27}},"107":{"start":{"line":110,"column":28},"end":{"line":113,"column":29}},"108":{"start":{"line":111,"column":40},"end":{"line":111,"column":113}},"109":{"start":{"line":112,"column":40},"end":{"line":112,"column":73}},"110":{"start":{"line":116,"column":20},"end":{"line":116,"column":46}},"111":{"start":{"line":117,"column":20},"end":{"line":124,"column":23}},"112":{"start":{"line":118,"column":24},"end":{"line":123,"column":31}},"113":{"start":{"line":119,"column":53},"end":{"line":119,"column":73}},"114":{"start":{"line":121,"column":28},"end":{"line":121,"column":52}},"115":{"start":{"line":122,"column":28},"end":{"line":122,"column":39}},"116":{"start":{"line":125,"column":20},"end":{"line":125,"column":77}},"117":{"start":{"line":127,"column":20},"end":{"line":127,"column":37}},"118":{"start":{"line":128,"column":20},"end":{"line":128,"column":48}},"119":{"start":{"line":134,"column":4},"end":{"line":152,"column":7}},"120":{"start":{"line":136,"column":8},"end":{"line":151,"column":11}},"121":{"start":{"line":137,"column":12},"end":{"line":150,"column":13}},"122":{"start":{"line":139,"column":20},"end":{"line":139,"column":52}},"123":{"start":{"line":140,"column":20},"end":{"line":141,"column":62}},"124":{"start":{"line":141,"column":24},"end":{"line":141,"column":62}},"125":{"start":{"line":142,"column":20},"end":{"line":142,"column":28}},"126":{"start":{"line":143,"column":20},"end":{"line":143,"column":80}},"127":{"start":{"line":145,"column":20},"end":{"line":147,"column":28}},"128":{"start":{"line":148,"column":20},"end":{"line":148,"column":42}},"129":{"start":{"line":149,"column":20},"end":{"line":149,"column":48}},"130":{"start":{"line":155,"column":4},"end":{"line":169,"column":7}},"131":{"start":{"line":156,"column":8},"end":{"line":168,"column":11}},"132":{"start":{"line":157,"column":12},"end":{"line":167,"column":13}},"133":{"start":{"line":158,"column":24},"end":{"line":163,"column":90}},"134":{"start":{"line":161,"column":24},"end":{"line":161,"column":187}},"135":{"start":{"line":161,"column":58},"end":{"line":161,"column":106}},"136":{"start":{"line":161,"column":127},"end":{"line":161,"column":166}},"137":{"start":{"line":163,"column":47},"end":{"line":163,"column":84}},"138":{"start":{"line":165,"column":20},"end":{"line":165,"column":30}},"139":{"start":{"line":166,"column":20},"end":{"line":166,"column":42}},"140":{"start":{"line":172,"column":4},"end":{"line":172,"column":63}},"141":{"start":{"line":172,"column":28},"end":{"line":172,"column":61}},"142":{"start":{"line":173,"column":4},"end":{"line":191,"column":7}},"143":{"start":{"line":175,"column":8},"end":{"line":190,"column":11}},"144":{"start":{"line":176,"column":12},"end":{"line":189,"column":13}},"145":{"start":{"line":178,"column":20},"end":{"line":178,"column":47}},"146":{"start":{"line":179,"column":20},"end":{"line":179,"column":52}},"147":{"start":{"line":179,"column":28},"end":{"line":179,"column":52}},"148":{"start":{"line":180,"column":20},"end":{"line":180,"column":40}},"149":{"start":{"line":181,"column":20},"end":{"line":181,"column":31}},"150":{"start":{"line":182,"column":20},"end":{"line":182,"column":66}},"151":{"start":{"line":184,"column":20},"end":{"line":184,"column":46}},"152":{"start":{"line":185,"column":20},"end":{"line":185,"column":33}},"153":{"start":{"line":188,"column":16},"end":{"line":188,"column":44}},"154":{"start":{"line":194,"column":4},"end":{"line":206,"column":7}},"155":{"start":{"line":196,"column":8},"end":{"line":205,"column":11}},"156":{"start":{"line":197,"column":12},"end":{"line":197,"column":45}},"157":{"start":{"line":198,"column":12},"end":{"line":198,"column":50}},"158":{"start":{"line":199,"column":12},"end":{"line":199,"column":45}},"159":{"start":{"line":200,"column":12},"end":{"line":203,"column":13}},"160":{"start":{"line":201,"column":16},"end":{"line":201,"column":45}},"161":{"start":{"line":202,"column":16},"end":{"line":202,"column":44}},"162":{"start":{"line":204,"column":12},"end":{"line":204,"column":39}},"163":{"start":{"line":208,"column":15},"end":{"line":215,"column":1}},"164":{"start":{"line":209,"column":4},"end":{"line":214,"column":7}},"165":{"start":{"line":210,"column":8},"end":{"line":213,"column":11}},"166":{"start":{"line":212,"column":12},"end":{"line":212,"column":58}}},"fnMap":{"0":{"name":"(anonymous_0)","decl":{"start":{"line":1,"column":44},"end":{"line":1,"column":45}},"loc":{"start":{"line":1,"column":89},"end":{"line":8,"column":1}},"line":1},"1":{"name":"(anonymous_1)","decl":{"start":{"line":2,"column":36},"end":{"line":2,"column":37}},"loc":{"start":{"line":2,"column":63},"end":{"line":7,"column":5}},"line":2},"2":{"name":"fulfilled","decl":{"start":{"line":3,"column":17},"end":{"line":3,"column":26}},"loc":{"start":{"line":3,"column":34},"end":{"line":3,"column":99}},"line":3},"3":{"name":"rejected","decl":{"start":{"line":4,"column":17},"end":{"line":4,"column":25}},"loc":{"start":{"line":4,"column":33},"end":{"line":4,"column":102}},"line":4},"4":{"name":"step","decl":{"start":{"line":5,"column":17},"end":{"line":5,"column":21}},"loc":{"start":{"line":5,"column":30},"end":{"line":5,"column":151}},"line":5},"5":{"name":"(anonymous_5)","decl":{"start":{"line":5,"column":76},"end":{"line":5,"column":77}},"loc":{"start":{"line":5,"column":95},"end":{"line":5,"column":121}},"line":5},"6":{"name":"(anonymous_6)","decl":{"start":{"line":9,"column":48},"end":{"line":9,"column":49}},"loc":{"start":{"line":9,"column":73},"end":{"line":35,"column":1}},"line":9},"7":{"name":"(anonymous_7)","decl":{"start":{"line":10,"column":30},"end":{"line":10,"column":31}},"loc":{"start":{"line":10,"column":41},"end":{"line":10,"column":83}},"line":10},"8":{"name":"(anonymous_8)","decl":{"start":{"line":11,"column":125},"end":{"line":11,"column":126}},"loc":{"start":{"line":11,"column":136},"end":{"line":11,"column":152}},"line":11},"9":{"name":"verb","decl":{"start":{"line":12,"column":13},"end":{"line":12,"column":17}},"loc":{"start":{"line":12,"column":21},"end":{"line":12,"column":70}},"line":12},"10":{"name":"(anonymous_10)","decl":{"start":{"line":12,"column":30},"end":{"line":12,"column":31}},"loc":{"start":{"line":12,"column":43},"end":{"line":12,"column":67}},"line":12},"11":{"name":"step","decl":{"start":{"line":13,"column":13},"end":{"line":13,"column":17}},"loc":{"start":{"line":13,"column":22},"end":{"line":34,"column":5}},"line":13},"12":{"name":"random","decl":{"start":{"line":47,"column":9},"end":{"line":47,"column":15}},"loc":{"start":{"line":47,"column":26},"end":{"line":50,"column":1}},"line":47},"13":{"name":"cacheDays","decl":{"start":{"line":57,"column":9},"end":{"line":57,"column":18}},"loc":{"start":{"line":57,"column":29},"end":{"line":68,"column":1}},"line":57},"14":{"name":"(anonymous_14)","decl":{"start":{"line":62,"column":42},"end":{"line":62,"column":43}},"loc":{"start":{"line":62,"column":62},"end":{"line":65,"column":5}},"line":62},"15":{"name":"generateAppointments","decl":{"start":{"line":70,"column":16},"end":{"line":70,"column":36}},"loc":{"start":{"line":70,"column":87},"end":{"line":132,"column":1}},"line":70},"16":{"name":"(anonymous_16)","decl":{"start":{"line":73,"column":43},"end":{"line":73,"column":44}},"loc":{"start":{"line":73,"column":55},"end":{"line":131,"column":5}},"line":73},"17":{"name":"(anonymous_17)","decl":{"start":{"line":76,"column":33},"end":{"line":76,"column":34}},"loc":{"start":{"line":76,"column":47},"end":{"line":130,"column":9}},"line":76},"18":{"name":"(anonymous_18)","decl":{"start":{"line":83,"column":34},"end":{"line":83,"column":35}},"loc":{"start":{"line":83,"column":46},"end":{"line":106,"column":21}},"line":83},"19":{"name":"(anonymous_19)","decl":{"start":{"line":99,"column":40},"end":{"line":99,"column":41}},"loc":{"start":{"line":99,"column":54},"end":{"line":102,"column":25}},"line":99},"20":{"name":"(anonymous_20)","decl":{"start":{"line":109,"column":33},"end":{"line":109,"column":34}},"loc":{"start":{"line":109,"column":45},"end":{"line":114,"column":33}},"line":109},"21":{"name":"(anonymous_21)","decl":{"start":{"line":109,"column":87},"end":{"line":109,"column":88}},"loc":{"start":{"line":109,"column":99},"end":{"line":114,"column":29}},"line":109},"22":{"name":"(anonymous_22)","decl":{"start":{"line":109,"column":126},"end":{"line":109,"column":127}},"loc":{"start":{"line":109,"column":140},"end":{"line":114,"column":25}},"line":109},"23":{"name":"(anonymous_23)","decl":{"start":{"line":117,"column":45},"end":{"line":117,"column":46}},"loc":{"start":{"line":117,"column":57},"end":{"line":124,"column":21}},"line":117},"24":{"name":"(anonymous_24)","decl":{"start":{"line":119,"column":36},"end":{"line":119,"column":37}},"loc":{"start":{"line":119,"column":51},"end":{"line":119,"column":75}},"line":119},"25":{"name":"(anonymous_25)","decl":{"start":{"line":120,"column":36},"end":{"line":120,"column":37}},"loc":{"start":{"line":120,"column":56},"end":{"line":123,"column":25}},"line":120},"26":{"name":"generateRandomDay","decl":{"start":{"line":133,"column":16},"end":{"line":133,"column":33}},"loc":{"start":{"line":133,"column":40},"end":{"line":153,"column":1}},"line":133},"27":{"name":"(anonymous_27)","decl":{"start":{"line":134,"column":43},"end":{"line":134,"column":44}},"loc":{"start":{"line":134,"column":55},"end":{"line":152,"column":5}},"line":134},"28":{"name":"(anonymous_28)","decl":{"start":{"line":136,"column":33},"end":{"line":136,"column":34}},"loc":{"start":{"line":136,"column":47},"end":{"line":151,"column":9}},"line":136},"29":{"name":"generateDataAboutMonth","decl":{"start":{"line":154,"column":9},"end":{"line":154,"column":31}},"loc":{"start":{"line":154,"column":38},"end":{"line":170,"column":1}},"line":154},"30":{"name":"(anonymous_30)","decl":{"start":{"line":155,"column":43},"end":{"line":155,"column":44}},"loc":{"start":{"line":155,"column":55},"end":{"line":169,"column":5}},"line":155},"31":{"name":"(anonymous_31)","decl":{"start":{"line":156,"column":33},"end":{"line":156,"column":34}},"loc":{"start":{"line":156,"column":47},"end":{"line":168,"column":9}},"line":156},"32":{"name":"(anonymous_32)","decl":{"start":{"line":160,"column":29},"end":{"line":160,"column":30}},"loc":{"start":{"line":160,"column":47},"end":{"line":162,"column":21}},"line":160},"33":{"name":"(anonymous_33)","decl":{"start":{"line":161,"column":44},"end":{"line":161,"column":45}},"loc":{"start":{"line":161,"column":56},"end":{"line":161,"column":108}},"line":161},"34":{"name":"(anonymous_34)","decl":{"start":{"line":161,"column":113},"end":{"line":161,"column":114}},"loc":{"start":{"line":161,"column":125},"end":{"line":161,"column":168}},"line":161},"35":{"name":"(anonymous_35)","decl":{"start":{"line":163,"column":29},"end":{"line":163,"column":30}},"loc":{"start":{"line":163,"column":45},"end":{"line":163,"column":86}},"line":163},"36":{"name":"fetchDayFromServer","decl":{"start":{"line":171,"column":16},"end":{"line":171,"column":34}},"loc":{"start":{"line":171,"column":48},"end":{"line":192,"column":1}},"line":171},"37":{"name":"(anonymous_37)","decl":{"start":{"line":173,"column":43},"end":{"line":173,"column":44}},"loc":{"start":{"line":173,"column":55},"end":{"line":191,"column":5}},"line":173},"38":{"name":"(anonymous_38)","decl":{"start":{"line":175,"column":33},"end":{"line":175,"column":34}},"loc":{"start":{"line":175,"column":47},"end":{"line":190,"column":9}},"line":175},"39":{"name":"getDayFromServer","decl":{"start":{"line":193,"column":9},"end":{"line":193,"column":25}},"loc":{"start":{"line":193,"column":32},"end":{"line":207,"column":1}},"line":193},"40":{"name":"(anonymous_40)","decl":{"start":{"line":194,"column":43},"end":{"line":194,"column":44}},"loc":{"start":{"line":194,"column":55},"end":{"line":206,"column":5}},"line":194},"41":{"name":"(anonymous_41)","decl":{"start":{"line":196,"column":33},"end":{"line":196,"column":34}},"loc":{"start":{"line":196,"column":47},"end":{"line":205,"column":9}},"line":196},"42":{"name":"DayFetcher","decl":{"start":{"line":208,"column":24},"end":{"line":208,"column":34}},"loc":{"start":{"line":208,"column":41},"end":{"line":215,"column":1}},"line":208},"43":{"name":"(anonymous_43)","decl":{"start":{"line":209,"column":43},"end":{"line":209,"column":44}},"loc":{"start":{"line":209,"column":55},"end":{"line":214,"column":5}},"line":209},"44":{"name":"(anonymous_44)","decl":{"start":{"line":210,"column":33},"end":{"line":210,"column":34}},"loc":{"start":{"line":210,"column":47},"end":{"line":213,"column":9}},"line":210}},"branchMap":{"0":{"loc":{"start":{"line":1,"column":16},"end":{"line":8,"column":1}},"type":"binary-expr","locations":[{"start":{"line":1,"column":17},"end":{"line":1,"column":21}},{"start":{"line":1,"column":25},"end":{"line":1,"column":39}},{"start":{"line":1,"column":44},"end":{"line":8,"column":1}}],"line":1},"1":{"loc":{"start":{"line":2,"column":16},"end":{"line":2,"column":34}},"type":"binary-expr","locations":[{"start":{"line":2,"column":16},"end":{"line":2,"column":17}},{"start":{"line":2,"column":22},"end":{"line":2,"column":33}}],"line":2},"2":{"loc":{"start":{"line":5,"column":32},"end":{"line":5,"column":148}},"type":"cond-expr","locations":[{"start":{"line":5,"column":46},"end":{"line":5,"column":67}},{"start":{"line":5,"column":70},"end":{"line":5,"column":148}}],"line":5},"3":{"loc":{"start":{"line":6,"column":51},"end":{"line":6,"column":67}},"type":"binary-expr","locations":[{"start":{"line":6,"column":51},"end":{"line":6,"column":61}},{"start":{"line":6,"column":65},"end":{"line":6,"column":67}}],"line":6},"4":{"loc":{"start":{"line":9,"column":18},"end":{"line":35,"column":1}},"type":"binary-expr","locations":[{"start":{"line":9,"column":19},"end":{"line":9,"column":23}},{"start":{"line":9,"column":27},"end":{"line":9,"column":43}},{"start":{"line":9,"column":48},"end":{"line":35,"column":1}}],"line":9},"5":{"loc":{"start":{"line":10,"column":43},"end":{"line":10,"column":68}},"type":"if","locations":[{"start":{"line":10,"column":43},"end":{"line":10,"column":68}},{"start":{"line":10,"column":43},"end":{"line":10,"column":68}}],"line":10},"6":{"loc":{"start":{"line":11,"column":71},"end":{"line":11,"column":153}},"type":"binary-expr","locations":[{"start":{"line":11,"column":71},"end":{"line":11,"column":99}},{"start":{"line":11,"column":104},"end":{"line":11,"column":152}}],"line":11},"7":{"loc":{"start":{"line":14,"column":8},"end":{"line":14,"column":70}},"type":"if","locations":[{"start":{"line":14,"column":8},"end":{"line":14,"column":70}},{"start":{"line":14,"column":8},"end":{"line":14,"column":70}}],"line":14},"8":{"loc":{"start":{"line":16,"column":12},"end":{"line":16,"column":169}},"type":"if","locations":[{"start":{"line":16,"column":12},"end":{"line":16,"column":169}},{"start":{"line":16,"column":12},"end":{"line":16,"column":169}}],"line":16},"9":{"loc":{"start":{"line":16,"column":23},"end":{"line":16,"column":158}},"type":"binary-expr","locations":[{"start":{"line":16,"column":23},"end":{"line":16,"column":24}},{"start":{"line":16,"column":29},"end":{"line":16,"column":125}},{"start":{"line":16,"column":130},"end":{"line":16,"column":158}}],"line":16},"10":{"loc":{"start":{"line":16,"column":33},"end":{"line":16,"column":125}},"type":"cond-expr","locations":[{"start":{"line":16,"column":45},"end":{"line":16,"column":56}},{"start":{"line":16,"column":59},"end":{"line":16,"column":125}}],"line":16},"11":{"loc":{"start":{"line":16,"column":59},"end":{"line":16,"column":125}},"type":"cond-expr","locations":[{"start":{"line":16,"column":67},"end":{"line":16,"column":116}},{"start":{"line":16,"column":119},"end":{"line":16,"column":125}}],"line":16},"12":{"loc":{"start":{"line":16,"column":67},"end":{"line":16,"column":116}},"type":"binary-expr","locations":[{"start":{"line":16,"column":67},"end":{"line":16,"column":77}},{"start":{"line":16,"column":82},"end":{"line":16,"column":115}}],"line":16},"13":{"loc":{"start":{"line":16,"column":82},"end":{"line":16,"column":112}},"type":"binary-expr","locations":[{"start":{"line":16,"column":83},"end":{"line":16,"column":98}},{"start":{"line":16,"column":103},"end":{"line":16,"column":112}}],"line":16},"14":{"loc":{"start":{"line":17,"column":12},"end":{"line":17,"column":52}},"type":"if","locations":[{"start":{"line":17,"column":12},"end":{"line":17,"column":52}},{"start":{"line":17,"column":12},"end":{"line":17,"column":52}}],"line":17},"15":{"loc":{"start":{"line":18,"column":12},"end":{"line":30,"column":13}},"type":"switch","locations":[{"start":{"line":19,"column":16},"end":{"line":19,"column":23}},{"start":{"line":19,"column":24},"end":{"line":19,"column":46}},{"start":{"line":20,"column":16},"end":{"line":20,"column":72}},{"start":{"line":21,"column":16},"end":{"line":21,"column":65}},{"start":{"line":22,"column":16},"end":{"line":22,"column":65}},{"start":{"line":23,"column":16},"end":{"line":29,"column":43}}],"line":18},"16":{"loc":{"start":{"line":24,"column":20},"end":{"line":24,"column":128}},"type":"if","locations":[{"start":{"line":24,"column":20},"end":{"line":24,"column":128}},{"start":{"line":24,"column":20},"end":{"line":24,"column":128}}],"line":24},"17":{"loc":{"start":{"line":24,"column":24},"end":{"line":24,"column":106}},"type":"binary-expr","locations":[{"start":{"line":24,"column":24},"end":{"line":24,"column":74}},{"start":{"line":24,"column":79},"end":{"line":24,"column":90}},{"start":{"line":24,"column":94},"end":{"line":24,"column":105}}],"line":24},"18":{"loc":{"start":{"line":24,"column":42},"end":{"line":24,"column":73}},"type":"binary-expr","locations":[{"start":{"line":24,"column":42},"end":{"line":24,"column":54}},{"start":{"line":24,"column":58},"end":{"line":24,"column":73}}],"line":24},"19":{"loc":{"start":{"line":25,"column":20},"end":{"line":25,"column":106}},"type":"if","locations":[{"start":{"line":25,"column":20},"end":{"line":25,"column":106}},{"start":{"line":25,"column":20},"end":{"line":25,"column":106}}],"line":25},"20":{"loc":{"start":{"line":25,"column":24},"end":{"line":25,"column":77}},"type":"binary-expr","locations":[{"start":{"line":25,"column":24},"end":{"line":25,"column":35}},{"start":{"line":25,"column":40},"end":{"line":25,"column":42}},{"start":{"line":25,"column":47},"end":{"line":25,"column":59}},{"start":{"line":25,"column":63},"end":{"line":25,"column":75}}],"line":25},"21":{"loc":{"start":{"line":26,"column":20},"end":{"line":26,"column":89}},"type":"if","locations":[{"start":{"line":26,"column":20},"end":{"line":26,"column":89}},{"start":{"line":26,"column":20},"end":{"line":26,"column":89}}],"line":26},"22":{"loc":{"start":{"line":26,"column":24},"end":{"line":26,"column":53}},"type":"binary-expr","locations":[{"start":{"line":26,"column":24},"end":{"line":26,"column":35}},{"start":{"line":26,"column":39},"end":{"line":26,"column":53}}],"line":26},"23":{"loc":{"start":{"line":27,"column":20},"end":{"line":27,"column":87}},"type":"if","locations":[{"start":{"line":27,"column":20},"end":{"line":27,"column":87}},{"start":{"line":27,"column":20},"end":{"line":27,"column":87}}],"line":27},"24":{"loc":{"start":{"line":27,"column":24},"end":{"line":27,"column":43}},"type":"binary-expr","locations":[{"start":{"line":27,"column":24},"end":{"line":27,"column":25}},{"start":{"line":27,"column":29},"end":{"line":27,"column":43}}],"line":27},"25":{"loc":{"start":{"line":28,"column":20},"end":{"line":28,"column":42}},"type":"if","locations":[{"start":{"line":28,"column":20},"end":{"line":28,"column":42}},{"start":{"line":28,"column":20},"end":{"line":28,"column":42}}],"line":28},"26":{"loc":{"start":{"line":33,"column":8},"end":{"line":33,"column":35}},"type":"if","locations":[{"start":{"line":33,"column":8},"end":{"line":33,"column":35}},{"start":{"line":33,"column":8},"end":{"line":33,"column":35}}],"line":33},"27":{"loc":{"start":{"line":33,"column":52},"end":{"line":33,"column":74}},"type":"cond-expr","locations":[{"start":{"line":33,"column":60},"end":{"line":33,"column":65}},{"start":{"line":33,"column":68},"end":{"line":33,"column":74}}],"line":33},"28":{"loc":{"start":{"line":48,"column":4},"end":{"line":48,"column":38}},"type":"if","locations":[{"start":{"line":48,"column":4},"end":{"line":48,"column":38}},{"start":{"line":48,"column":4},"end":{"line":48,"column":38}}],"line":48},"29":{"loc":{"start":{"line":71,"column":4},"end":{"line":71,"column":46}},"type":"if","locations":[{"start":{"line":71,"column":4},"end":{"line":71,"column":46}},{"start":{"line":71,"column":4},"end":{"line":71,"column":46}}],"line":71},"30":{"loc":{"start":{"line":72,"column":4},"end":{"line":72,"column":55}},"type":"if","locations":[{"start":{"line":72,"column":4},"end":{"line":72,"column":55}},{"start":{"line":72,"column":4},"end":{"line":72,"column":55}}],"line":72},"31":{"loc":{"start":{"line":77,"column":12},"end":{"line":129,"column":13}},"type":"switch","locations":[{"start":{"line":78,"column":16},"end":{"line":114,"column":37}},{"start":{"line":115,"column":16},"end":{"line
[...]
":97,"column":4},"end":{"line":105,"column":6}},"89":{"start":{"line":98,"column":8},"end":{"line":104,"column":10}},"90":{"start":{"line":100,"column":16},"end":{"line":100,"column":54}},"91":{"start":{"line":101,"column":16},"end":{"line":101,"column":27}},"92":{"start":{"line":106,"column":4},"end":{"line":108,"column":54}},"93":{"start":{"line":109,"column":4},"end":{"line":111,"column":52}},"94":{"start":{"line":112,"column":4},"end":{"line":114,"column":55}},"95":{"start":{"line":115,"column":4},"end":{"line":117,"column":58}},"96":{"start":{"line":118,"column":4},"end":{"line":120,"column":57}},"97":{"start":{"line":121,"column":4},"end":{"line":123,"column":55}},"98":{"start":{"line":124,"column":4},"end":{"line":126,"column":59}},"99":{"start":{"line":127,"column":4},"end":{"line":127,"column":23}}},"fnMap":{"0":{"name":"(anonymous_0)","decl":{"start":{"line":1,"column":46},"end":{"line":1,"column":47}},"loc":{"start":{"line":1,"column":87},"end":{"line":6,"column":1}},"line":1},"1":{"name":"(anonymous_1)","decl":{"start":{"line":10,"column":33},"end":{"line":10,"column":34}},"loc":{"start":{"line":10,"column":45},"end":{"line":128,"column":1}},"line":10},"2":{"name":"CalendarDay","decl":{"start":{"line":11,"column":13},"end":{"line":11,"column":24}},"loc":{"start":{"line":11,"column":45},"end":{"line":29,"column":5}},"line":11},"3":{"name":"(anonymous_3)","decl":{"start":{"line":18,"column":37},"end":{"line":18,"column":38}},"loc":{"start":{"line":18,"column":82},"end":{"line":25,"column":9}},"line":18},"4":{"name":"(anonymous_4)","decl":{"start":{"line":30,"column":25},"end":{"line":30,"column":26}},"loc":{"start":{"line":30,"column":39},"end":{"line":35,"column":5}},"line":30},"5":{"name":"(anonymous_5)","decl":{"start":{"line":36,"column":25},"end":{"line":36,"column":26}},"loc":{"start":{"line":36,"column":41},"end":{"line":39,"column":5}},"line":36},"6":{"name":"(anonymous_6)","decl":{"start":{"line":40,"column":44},"end":{"line":40,"column":45}},"loc":{"start":{"line":40,"column":72},"end":{"line":48,"column":5}},"line":40},"7":{"name":"(anonymous_7)","decl":{"start":{"line":44,"column":49},"end":{"line":44,"column":50}},"loc":{"start":{"line":44,"column":64},"end":{"line":46,"column":9}},"line":44},"8":{"name":"(anonymous_8)","decl":{"start":{"line":49,"column":47},"end":{"line":49,"column":48}},"loc":{"start":{"line":49,"column":66},"end":{"line":58,"column":5}},"line":49},"9":{"name":"(anonymous_9)","decl":{"start":{"line":54,"column":20},"end":{"line":54,"column":21}},"loc":{"start":{"line":54,"column":40},"end":{"line":56,"column":9}},"line":54},"10":{"name":"(anonymous_10)","decl":{"start":{"line":59,"column":46},"end":{"line":59,"column":47}},"loc":{"start":{"line":59,"column":74},"end":{"line":75,"column":5}},"line":59},"11":{"name":"(anonymous_11)","decl":{"start":{"line":62,"column":34},"end":{"line":62,"column":35}},"loc":{"start":{"line":62,"column":49},"end":{"line":62,"column":98}},"line":62},"12":{"name":"(anonymous_12)","decl":{"start":{"line":63,"column":38},"end":{"line":63,"column":39}},"loc":{"start":{"line":63,"column":53},"end":{"line":63,"column":99}},"line":63},"13":{"name":"(anonymous_13)","decl":{"start":{"line":64,"column":30},"end":{"line":64,"column":31}},"loc":{"start":{"line":64,"column":45},"end":{"line":64,"column":69}},"line":64},"14":{"name":"(anonymous_14)","decl":{"start":{"line":65,"column":66},"end":{"line":65,"column":67}},"loc":{"start":{"line":65,"column":83},"end":{"line":65,"column":118}},"line":65},"15":{"name":"(anonymous_15)","decl":{"start":{"line":68,"column":28},"end":{"line":68,"column":29}},"loc":{"start":{"line":68,"column":50},"end":{"line":72,"column":9}},"line":68},"16":{"name":"(anonymous_16)","decl":{"start":{"line":76,"column":44},"end":{"line":76,"column":45}},"loc":{"start":{"line":76,"column":64},"end":{"line":86,"column":5}},"line":76},"17":{"name":"(anonymous_17)","decl":{"start":{"line":81,"column":21},"end":{"line":81,"column":22}},"loc":{"start":{"line":81,"column":36},"end":{"line":81,"column":88}},"line":81},"18":{"name":"(anonymous_18)","decl":{"start":{"line":82,"column":21},"end":{"line":82,"column":22}},"loc":{"start":{"line":82,"column":36},"end":{"line":84,"column":9}},"line":82},"19":{"name":"(anonymous_19)","decl":{"start":{"line":85,"column":42},"end":{"line":85,"column":43}},"loc":{"start":{"line":85,"column":57},"end":{"line":85,"column":81}},"line":85},"20":{"name":"(anonymous_20)","decl":{"start":{"line":87,"column":48},"end":{"line":87,"column":49}},"loc":{"start":{"line":87,"column":96},"end":{"line":96,"column":5}},"line":87},"21":{"name":"(anonymous_21)","decl":{"start":{"line":97,"column":40},"end":{"line":97,"column":41}},"loc":{"start":{"line":97,"column":52},"end":{"line":105,"column":5}},"line":97},"22":{"name":"(anonymous_22)","decl":{"start":{"line":99,"column":66},"end":{"line":99,"column":67}},"loc":{"start":{"line":99,"column":86},"end":{"line":102,"column":13}},"line":99}},"branchMap":{"0":{"loc":{"start":{"line":1,"column":17},"end":{"line":6,"column":1}},"type":"binary-expr","locations":[{"start":{"line":1,"column":18},"end":{"line":1,"column":22}},{"start":{"line":1,"column":26},"end":{"line":1,"column":41}},{"start":{"line":1,"column":46},"end":{"line":6,"column":1}}],"line":1},"1":{"loc":{"start":{"line":2,"column":34},"end":{"line":2,"column":125}},"type":"cond-expr","locations":[{"start":{"line":2,"column":42},"end":{"line":2,"column":48}},{"start":{"line":2,"column":51},"end":{"line":2,"column":125}}],"line":2},"2":{"loc":{"start":{"line":2,"column":51},"end":{"line":2,"column":125}},"type":"cond-expr","locations":[{"start":{"line":2,"column":67},"end":{"line":2,"column":118}},{"start":{"line":2,"column":121},"end":{"line":2,"column":125}}],"line":2},"3":{"loc":{"start":{"line":3,"column":4},"end":{"line":4,"column":150}},"type":"if","locations":[{"start":{"line":3,"column":4},"end":{"line":4,"column":150}},{"start":{"line":3,"column":4},"end":{"line":4,"column":150}}],"line":3},"4":{"loc":{"start":{"line":3,"column":8},"end":{"line":3,"column":77}},"type":"binary-expr","locations":[{"start":{"line":3,"column":8},"end":{"line":3,"column":35}},{"start":{"line":3,"column":39},"end":{"line":3,"column":77}}],"line":3},"5":{"loc":{"start":{"line":4,"column":58},"end":{"line":4,"column":150}},"type":"if","locations":[{"start":{"line":4,"column":58},"end":{"line":4,"column":150}},{"start":{"line":4,"column":58},"end":{"line":4,"column":150}}],"line":4},"6":{"loc":{"start":{"line":4,"column":85},"end":{"line":4,"column":149}},"type":"binary-expr","locations":[{"start":{"line":4,"column":86},"end":{"line":4,"column":143}},{"start":{"line":4,"column":148},"end":{"line":4,"column":149}}],"line":4},"7":{"loc":{"start":{"line":4,"column":86},"end":{"line":4,"column":143}},"type":"cond-expr","locations":[{"start":{"line":4,"column":94},"end":{"line":4,"column":98}},{"start":{"line":4,"column":101},"end":{"line":4,"column":143}}],"line":4},"8":{"loc":{"start":{"line":4,"column":101},"end":{"line":4,"column":143}},"type":"cond-expr","locations":[{"start":{"line":4,"column":109},"end":{"line":4,"column":126}},{"start":{"line":4,"column":129},"end":{"line":4,"column":143}}],"line":4},"9":{"loc":{"start":{"line":5,"column":11},"end":{"line":5,"column":62}},"type":"binary-expr","locations":[{"start":{"line":5,"column":11},"end":{"line":5,"column":16}},{"start":{"line":5,"column":20},"end":{"line":5,"column":21}},{"start":{"line":5,"column":25},"end":{"line":5,"column":62}}],"line":5},"10":{"loc":{"start":{"line":12,"column":8},"end":{"line":12,"column":59}},"type":"if","locations":[{"start":{"line":12,"column":8},"end":{"line":12,"column":59}},{"start":{"line":12,"column":8},"end":{"line":12,"column":59}}],"line":12},"11":{"loc":{"start":{"line":19,"column":12},"end":{"line":24,"column":61}},"type":"if","locations":[{"start":{"line":19,"column":12},"end":{"line":24,"column":61}},{"start":{"line":19,"column":12},"end":{"line":24,"column":61}}],"line":19},"12":{"loc":{"start":{"line":42,"column":8},"end":{"line":42,"column":58}},"type":"if","locations":[{"start":{"line":42,"column":8},"end":{"line":42,"column":58}},{"start":{"line":42,"column":8},"end":{"line":42,"column":58}}],"line":42},"13":{"loc":{"start":{"line":51,"column":17},"end":{"line":53,"column":14}},"type":"cond-expr","locations":[{"start":{"line":51,"column":33},"end":{"line":53,"column":9}},{"start":{"line":53,"column":12},"end":{"line":53,"column":14}}],"line":51},"14":{"loc":{"start":{"line":61,"column":8},"end":{"line":61,"column":58}},"type":"if","locations":[{"start":{"line":61,"column":8},"end":{"line":61,"column":58}},{"start":{"line":61,"column":8},"end":{"line":61,"column":58}}],"line":61},"15":{"loc":{"start":{"line":66,"column":8},"end":{"line":67,"column":70}},"type":"if","locations":[{"start":{"line":66,"column":8},"end":{"line":67,"column":70}},{"start":{"line":66,"column":8},"end":{"line":67,"column":70}}],"line":66},"16":{"loc":{"start":{"line":70,"column":12},"end":{"line":71,"column":102}},"type":"if","locations":[{"start":{"line":70,"column":12},"end":{"line":71,"column":102}},{"start":{"line":70,"column":12},"end":{"line":71,"column":102}}],"line":70},"17":{"loc":{"start":{"line":73,"column":8},"end":{"line":74,"column":79}},"type":"if","locations":[{"start":{"line":73,"column":8},"end":{"line":74,"column":79}},{"start":{"line":73,"column":8},"end":{"line":74,"column":79}}],"line":73},"18":{"loc":{"start":{"line":78,"column":17},"end":{"line":80,"column":14}},"type":"cond-expr","locations":[{"start":{"line":78,"column":33},"end":{"line":80,"column":9}},{"start":{"line":80,"column":12},"end":{"line":80,"column":14}}],"line":78},"19":{"loc":{"start":{"line":88,"column":8},"end":{"line":88,"column":55}},"type":"if","locations":[{"start":{"line":88,"column":8},"end":{"line":88,"column":55}},{"start":{"line":88,"column":8},"end":{"line":88,"column":55}}],"line":88},"20":{"loc":{"start":{"line":91,"column":8},"end":{"line":92,"column":55}},"type":"if","locations":[{"start":{"line":91,"column":8},"end":{"line":92,"column":55}},{"start":{"line":91,"column":8},"end":{"line":92,"column":55}}],"line":91},"21":{"loc":{"start":{"line":94,"column":8},"end":{"line":95,"column":38}},"type":"if","locations":[{"start":{"line":94,"column":8},"end":{"line":95,"column":38}},{"start":{"line":94,"column":8},"end":{"line":95,"column":38}}],"line":94}},"s":{"0":0,"1":0,"2":0,"3":0,"4":0,"5":0,"6":0,"7":0,"8":0,"9":0,"10":0,"11":0,"12":0,"13":0,"14":0,"15":0,"16":0,"17":0,"18":0,"19":0,"20":0,"21":0,"22":0,"23":0,"24":0,"25":0,"26":0,"27":0,"28":0,"29":0,"30":0,"31":0,"32":0,"33":0,"34":0,"35":0,"36":0,"37":0,"38":0,"39":0,"40":0,"41":0,"42":0,"43":0,"44":0,"45":0,"46":0,"47":0,"48":0,"49":0,"50":0,"51":0,"52":0,"53":0,"54":0,"55":0,"56":0,"57":0,"58":0,"59":0,"60":0,"61":0,"62":0,"63":0,"64":0,"65":0,"66":0,"67":0,"68":0,"69":0,"70":0,"71":0,"72":0,"73":0,"74":0,"75":0,"76":0,"77":0,"78":0,"79":0,"80":0,"81":0,"82":0,"83":0,"84":0,"85":0,"86":0,"87":0,"88":0,"89":0,"90":0,"91":0,"92":0,"93":0,"94":0,"95":0,"96":0,"97":0,"98":0,"99":0},"f":{"0":0,"1":0,"2":0,"3":0,"4":0,"5":0,"6":0,"7":0,"8":0,"9":0,"10":0,"11":0,"12":0,"13":0,"14":0,"15":0,"16":0,"17":0,"18":0,"19":0,"20":0,"21":0,"22":0},"b":{"0":[0,0,0],"1":[0,0],"2":[0,0],"3":[0,0],"4":[0,0],"5":[0,0],"6":[0,0],"7":[0,0],"8":[0,0],"9":[0,0,0],"10":[0,0],"11":[0,0],"12":[0,0],"13":[0,0],"14":[0,0],"15":[0,0],"16":[0,0],"17":[0,0],"18":[0,0],"19":[0,0],"20":[0,0],"21":[0,0]}},"/home/levabala/projects/nugareact/src/structures/Person.ts":{"path":"/home/levabala/projects/nugareact/src/structures/Person.ts","statementMap":{"0":{"start":{"line":1,"column":17},"end":{"line":6,"column":1}},"1":{"start":{"line":2,"column":12},"end":{"line":2,"column":28}},"2":{"start":{"line":2,"column":34},"end":{"line":2,"column":125}},"3":{"start":{"line":3,"column":4},"end":{"line":4,"column":150}},"4":{"start":{"line":3,"column":79},"end":{"line":3,"column":131}},"5":{"start":{"line":4,"column":9},"end":{"line":4,"column":150}},"6":{"start":{"line":4,"column":22},"end":{"line":4,"column":43}},"7":{"start":{"line":4,"column":58},"end":{"line":4,"column":150}},"8":{"start":{"line":4,"column":81},"end":{"line":4,"column":150}},"9":{"start":{"line":5,"column":4},"end":{"line":5,"column":66}},"10":{"start":{"line":9,"column":4},"end":{"line":9,"column":38}},"11":{"start":{"line":9,"column":27},"end":{"line":9,"column":36}},"12":{"start":{"line":10,"column":4},"end":{"line":10,"column":58}},"13":{"start":{"line":12,"column":28},"end":{"line":88,"column":3}},"14":{"start":{"line":14,"column":8},"end":{"line":14,"column":27}},"15":{"start":{"line":16,"column":4},"end":{"line":20,"column":6}},"16":{"start":{"line":17,"column":8},"end":{"line":19,"column":30}},"17":{"start":{"line":26,"column":4},"end":{"line":32,"column":6}},"18":{"start":{"line":27,"column":20},"end":{"line":27,"column":24}},"19":{"start":{"line":28,"column":8},"end":{"line":31,"column":11}},"20":{"start":{"line":29,"column":23},"end":{"line":29,"column":28}},"21":{"start":{"line":29,"column":36},"end":{"line":29,"column":41}},"22":{"start":{"line":30,"column":12},"end":{"line":30,"column":86}},"23":{"start":{"line":38,"column":4},"end":{"line":44,"column":6}},"24":{"start":{"line":39,"column":20},"end":{"line":39,"column":24}},"25":{"start":{"line":40,"column":8},"end":{"line":43,"column":11}},"26":{"start":{"line":41,"column":23},"end":{"line":41,"column":28}},"27":{"start":{"line":41,"column":36},"end":{"line":41,"column":41}},"28":{"start":{"line":42,"column":12},"end":{"line":42,"column":39}},"29":{"start":{"line":45,"column":4},"end":{"line":47,"column":39}},"30":{"start":{"line":48,"column":4},"end":{"line":50,"column":41}},"31":{"start":{"line":51,"column":4},"end":{"line":53,"column":44}},"32":{"start":{"line":54,"column":4},"end":{"line":56,"column":47}},"33":{"start":{"line":57,"column":4},"end":{"line":59,"column":44}},"34":{"start":{"line":60,"column":4},"end":{"line":62,"column":42}},"35":{"start":{"line":63,"column":4},"end":{"line":65,"column":46}},"36":{"start":{"line":66,"column":4},"end":{"line":68,"column":41}},"37":{"start":{"line":69,"column":4},"end":{"line":71,"column":44}},"38":{"start":{"line":72,"column":4},"end":{"line":74,"column":48}},"39":{"start":{"line":75,"column":4},"end":{"line":77,"column":46}},"40":{"start":{"line":78,"column":4},"end":{"line":80,"column":43}},"41":{"start":{"line":81,"column":4},"end":{"line":83,"column":42}},"42":{"start":{"line":84,"column":4},"end":{"line":86,"column":42}},"43":{"start":{"line":87,"column":4},"end":{"line":87,"column":18}}},"fnMap":{"0":{"name":"(anonymous_0)","decl":{"start":{"line":1,"column":46},"end":{"line":1,"column":47}},"loc":{"start":{"line":1,"column":87},"end":{"line":6,"column":1}},"line":1},"1":{"name":"random","decl":{"start":{"line":8,"column":9},"end":{"line":8,"column":15}},"loc":{"start":{"line":8,"column":26},"end":{"line":11,"column":1}},"line":8},"2":{"name":"(anonymous_2)","decl":{"start":{"line":12,"column":28},"end":{"line":12,"column":29}},"loc":{"start":{"line":12,"column":40},"end":{"line":88,"column":1}},"line":12},"3":{"name":"Person","decl":{"start":{"line":13,"column":13},"end":{"line":13,"column":19}},"loc":{"start":{"line":13,"column":26},"end":{"line":15,"column":5}},"line":13},"4":{"name":"(anonymous_4)","decl":{"start":{"line":16,"column":30},"end":{"line":16,"column":31}},"loc":{"start":{"line":16,"column":42},"end":{"line":20,"column":5}},"line":16},"5":{"name":"(anonymous_5)","decl":{"start":{"line":26,"column":31},"end":{"line":26,"column":32}},"loc":{"start":{"line":26,"column":47},"end":{"line":32,"column":5}},"line":26},"6":{"name":"(anonymous_6)","decl":{"start":{"line":28,"column":37},"end":{"line":28,"column":38}},"loc":{"start":{"line":28,"column":51},"end":{"line":31,"column":9}},"line":28},"7":{"name":"(anonymous_7)","decl":{"start":{"line":38,"column":31},"end":{"line":38,"column":32}},"loc":{"start":{"line":38,"column":47},"end":{"line":44,"column":5}},"line":38},"8":{"name":"(anonymous_8)","decl":{"start":{"line":40,"column":37},"end":{"line":40,"column":38}},"loc":{"start":{"line":40,"column":51},"end":{"line":43,"column":9}},"line":40}},"branchMap":{"0":{"loc":{"start":{"line":1,"column":17},"end":{"line":6,"column":1}},"type":"binary-expr","locations":[{"start":{"line":1,"column":18},"end":{"line":1,"column":22}},{"start":{"line":1,"column":26},"end":{"line":1,"column":41}},{"start":{"line":1,"column":46},"end":{"line":6,"column":1}}],"line":1},"1":{"loc":{"start":{"line":2,"column":34},"end":{"line":2,"column":125}},"type":"cond-expr","locations":[{"start":{"line":2,"column":42},"end":{"line":2,"column":48}},{"start":{"line":2,"column":51},"end":{"line":2,"column":125}}],"line":2},"2":{"loc":{"start":{"line":2,"column":51},"end":{"line":2,"column":125}},"type":"cond-expr","locations":[{"start":{"line":2,"column":67},"end":{"line":2,"column":118}},{"start":{"line":2,"column":121},"end":{"line":2,"column":125}}],"line":2},"3":{"loc":{"start":{"line":3,"column":4},"end":{"line":4,"column":150}},"type":"if","locations":[{"start":{"line":3,"column":4},"end":{"line":4,"column":150}},{"start":{"line":3,"column":4},"end":{"line":4,"column":150}}],"line":3},"4":{"loc":{"start":{"line":3,"column":8},"end":{"line":3,"column":77}},"type":"binary-expr","locations":[{"start":{"line":3,"column":8},"end":{"line":3,"column":35}},{"start":{"line":3,"column":39},"end":{"line":3,"column":77}}],"line":3},"5":{"loc":{"start":{"line":4,"column":58},"end":{"line":4,"column":150}},"type":"if","locations":[{"start":{"line":4,"column":58},"end":{"line":4,"column":150}},{"start":{"line":4,"column":58},"end":{"line":4,"column":150}}],"line":4},"6":{"loc":{"start":{"line":4,"column":85},"end":{"line":4,"column":149}},"type":"binary-expr","locations":[{"start":{"line":4,"column":86},"end":{"line":4,"column":143}},{"start":{"line":4,"column":148},"end":{"line":4,"column":149}}],"line":4},"7":{"loc":{"start":{"line":4,"column":86},"end":{"line":4,"column":143}},"type":"cond-expr","locations":[{"start":{"line":4,"column":94},"end":{"line":4,"column":98}},{"start":{"line":4,"column":101},"end":{"line":4,"column":143}}],"line":4},"8":{"loc":{"start":{"line":4,"column":101},"end":{"line":4,"column":143}},"type":"cond-expr","locations":[{"start":{"line":4,"column":109},"end":{"line":4,"column":126}},{"start":{"line":4,"column":129},"end":{"line":4,"column":143}}],"line":4},"9":{"loc":{"start":{"line":5,"column":11},"end":{"line":5,"column":62}},"type":"binary-expr","locations":[{"start":{"line":5,"column":11},"end":{"line":5,"column":16}},{"start":{"line":5,"column":20},"end":{"line":5,"column":21}},{"start":{"line":5,"column":25},"end":{"line":5,"column":62}}],"line":5},"10":{"loc":{"start":{"line":9,"column":4},"end":{"line":9,"column":38}},"type":"if","locations":[{"start":{"line":9,"column":4},"end":{"line":9,"column":38}},{"start":{"line":9,"column":4},"end":{"line":9,"column":38}}],"line":9},"11":{"loc":{"start":{"line":30,"column":19},"end":{"line":30,"column":85}},"type":"cond-expr","locations":[{"start":{"line":30,"column":60},"end":{"line":30,"column":77}},{"start":{"line":30,"column":81},"end":{"line":30,"column":85}}],"line":30}},"s":{"0":0,"1":0,"2":0,"3":0,"4":0,"5":0,"6":0,"7":0,"8":0,"9":0,"10":0,"11":0,"12":0,"13":0,"14":0,"15":0,"16":0,"17":0,"18":0,"19":0,"20":0,"21":0,"22":0,"23":0,"24":0,"25":0,"26":0,"27":0,"28":0,"29":0,"30":0,"31":0,"32":0,"33":0,"34":0,"35":0,"36":0,"37":0,"38":0,"39":0,"40":0,"41":0,"42":0,"43":0},"f":{"0":0,"1":0,"2":0,"3":0,"4":0,"5":0,"6":0,"7":0,"8":0},"b":{"0":[0,0,0],"1":[0,0],"2":[0,0],"3":[0,0],"4":[0,0],"5":[0,0],"6":[0,0],"7":[0,0],"8":[0,0],"9":[0,0,0],"10":[0,0],"11":[0,0]}},"/home/levabala/projects/nugareact/src/versions.ts":{"path":"/home/levabala/projects/nugareact/src/versions.ts","statementMap":{"0":{"start":{"line":1,"column":15},"end":{"line":37,"column":1}}},"fnMap":{},"branchMap":{},"s":{"0":0},"f":{},"b":{}}}